INFO:root:OrderedDict([('frame_index', 0), ('class_id', [0]), ('scores', [0.9937817454338074]), ('box_coordinates', [[231, 74, 1072, 708]])])
INFO:root:OrderedDict([('frame_index', 1), ('class_id', [0]), ('scores', [0.9959501028060913]), ('box_coordinates', [[230, 74, 1091, 708]])])
INFO:root:OrderedDict([('frame_index', 2), ('class_id', [0]), ('scores', [0.9948398470878601]), ('box_coordinates', [[225, 78, 1060, 717]])])
INFO:root:OrderedDict([('frame_index', 3), ('class_id', [0]), ('scores', [0.9934034943580627]), ('box_coordinates', [[224, 88, 1064, 717]])])
INFO:root:OrderedDict([('frame_index', 4), ('class_id', [0]), ('scores', [0.9931500554084778]), ('box_coordinates', [[226, 84, 1066, 712]])])
INFO:root:OrderedDict([('frame_index', 5), ('class_id', [0]), ('scores', [0.9886773824691772]), ('box_coordinates', [[230, 87, 1050, 715]])])
INFO:root:OrderedDict([('frame_index', 6), ('class_id', [0]), ('scores', [0.990766167640686]), ('box_coordinates', [[241, 83, 1036, 711]])])
INFO:root:OrderedDict([('frame_index', 7), ('class_id', [0]), ('scores', [0.9942076206207275]), ('box_coordinates', [[248, 67, 1073, 707]])])
INFO:root:OrderedDict([('frame_index', 8), ('class_id', [0]), ('scores', [0.9934197068214417]), ('box_coordinates', [[249, 62, 1061, 709]])])
INFO:root:OrderedDict([('frame_index', 9), ('class_id', [0]), ('scores', [0.992489755153656]), ('box_coordinates', [[249, 63, 1066, 709]])])
INFO:root:OrderedDict([('frame_index', 10), ('class_id', [0]), ('scores', [0.9909528493881226]), ('box_coordinates', [[230, 49, 1047, 715]])])
INFO:root:OrderedDict([('frame_index', 11), ('class_id', [0]), ('scores', [0.9802069067955017]), ('box_coordinates', [[223, 49, 1055, 712]])])
INFO:root:OrderedDict([('frame_index', 12), ('class_id', [0]), ('scores', [0.9889573454856873]), ('box_coordinates', [[206, 36, 1034, 714]])])
INFO:root:OrderedDict([('frame_index', 13), ('class_id', [0]), ('scores', [0.9900538921356201]), ('box_coordinates', [[200, 30, 1049, 715]])])
INFO:root:OrderedDict([('frame_index', 14), ('class_id', [0]), ('scores', [0.989562451839447]), ('box_coordinates', [[200, 29, 1047, 715]])])
INFO:root:OrderedDict([('frame_index', 15), ('class_id', [0]), ('scores', [0.989325761795044]), ('box_coordinates', [[192, 23, 1034, 718]])])
INFO:root:OrderedDict([('frame_index', 16), ('class_id', [0]), ('scores', [0.991877555847168]), ('box_coordinates', [[199, 27, 1044, 715]])])
INFO:root:OrderedDict([('frame_index', 17), ('class_id', [0]), ('scores', [0.9929628968238831]), ('box_coordinates', [[199, 27, 1022, 716]])])
INFO:root:OrderedDict([('frame_index', 18), ('class_id', [0]), ('scores', [0.9915443658828735]), ('box_coordinates', [[208, 43, 1046, 717]])])
INFO:root:OrderedDict([('frame_index', 19), ('class_id', [0]), ('scores', [0.9912506341934204]), ('box_coordinates', [[207, 42, 1043, 719]])])
INFO:root:OrderedDict([('frame_index', 20), ('class_id', [0]), ('scores', [0.9875180125236511]), ('box_coordinates', [[211, 52, 1045, 717]])])
INFO:root:OrderedDict([('frame_index', 0), ('class_id', [0]), ('scores', [0.9937817454338074]), ('box_coordinates', [[231, 74, 1072, 708]])])
INFO:root:OrderedDict([('frame_index', 1), ('class_id', [0]), ('scores', [0.9959501028060913]), ('box_coordinates', [[230, 74, 1091, 708]])])
INFO:root:OrderedDict([('frame_index', 2), ('class_id', [0]), ('scores', [0.9948398470878601]), ('box_coordinates', [[225, 78, 1060, 717]])])
INFO:root:OrderedDict([('frame_index', 3), ('class_id', [0]), ('scores', [0.9934034943580627]), ('box_coordinates', [[224, 88, 1064, 717]])])
INFO:root:OrderedDict([('frame_index', 4), ('class_id', [0]), ('scores', [0.9931500554084778]), ('box_coordinates', [[226, 84, 1066, 712]])])
INFO:root:OrderedDict([('frame_index', 5), ('class_id', [0]), ('scores', [0.9886773824691772]), ('box_coordinates', [[230, 87, 1050, 715]])])
INFO:root:OrderedDict([('frame_index', 6), ('class_id', [0]), ('scores', [0.990766167640686]), ('box_coordinates', [[241, 83, 1036, 711]])])
INFO:root:OrderedDict([('frame_index', 7), ('class_id', [0]), ('scores', [0.9942076206207275]), ('box_coordinates', [[248, 67, 1073, 707]])])
INFO:root:OrderedDict([('frame_index', 8), ('class_id', [0]), ('scores', [0.9934197068214417]), ('box_coordinates', [[249, 62, 1061, 709]])])
INFO:root:OrderedDict([('frame_index', 9), ('class_id', [0]), ('scores', [0.992489755153656]), ('box_coordinates', [[249, 63, 1066, 709]])])
INFO:root:OrderedDict([('frame_index', 10), ('class_id', [0]), ('scores', [0.9909528493881226]), ('box_coordinates', [[230, 49, 1047, 715]])])
INFO:root:OrderedDict([('frame_index', 11), ('class_id', [0]), ('scores', [0.9802070260047913]), ('box_coordinates', [[223, 49, 1055, 712]])])
INFO:root:OrderedDict([('frame_index', 12), ('class_id', [0]), ('scores', [0.9889573454856873]), ('box_coordinates', [[206, 36, 1034, 714]])])
INFO:root:OrderedDict([('frame_index', 13), ('class_id', [0]), ('scores', [0.9900540113449097]), ('box_coordinates', [[200, 30, 1049, 715]])])
INFO:root:OrderedDict([('frame_index', 14), ('class_id', [0]), ('scores', [0.989562451839447]), ('box_coordinates', [[200, 29, 1047, 715]])])
INFO:root:OrderedDict([('frame_index', 15), ('class_id', [0]), ('scores', [0.989325761795044]), ('box_coordinates', [[192, 23, 1034, 718]])])
INFO:root:OrderedDict([('frame_index', 16), ('class_id', [0]), ('scores', [0.991877555847168]), ('box_coordinates', [[199, 27, 1044, 715]])])
INFO:root:OrderedDict([('frame_index', 17), ('class_id', [0]), ('scores', [0.9929628968238831]), ('box_coordinates', [[199, 27, 1022, 716]])])
INFO:root:OrderedDict([('frame_index', 18), ('class_id', [0]), ('scores', [0.9915443658828735]), ('box_coordinates', [[208, 43, 1046, 717]])])
INFO:root:OrderedDict([('frame_index', 19), ('class_id', [0]), ('scores', [0.9912506341934204]), ('box_coordinates', [[207, 42, 1043, 719]])])
INFO:root:OrderedDict([('frame_index', 20), ('class_id', [0]), ('scores', [0.9875180125236511]), ('box_coordinates', [[211, 52, 1045, 717]])])
2021-06-02 20:29:22,772 - root -  OrderedDict([('frame_index', 0), ('class_id', [0]), ('scores', [0.9937817454338074]), ('box_coordinates', [[231, 74, 1072, 708]])])
2021-06-02 20:29:22,773 - root -  OrderedDict([('frame_index', 1), ('class_id', [0]), ('scores', [0.9959501028060913]), ('box_coordinates', [[230, 74, 1091, 708]])])
2021-06-02 20:29:22,774 - root -  OrderedDict([('frame_index', 2), ('class_id', [0]), ('scores', [0.9948398470878601]), ('box_coordinates', [[225, 78, 1060, 717]])])
2021-06-02 20:29:22,775 - root -  OrderedDict([('frame_index', 3), ('class_id', [0]), ('scores', [0.9934034943580627]), ('box_coordinates', [[224, 88, 1064, 717]])])
2021-06-02 20:29:22,776 - root -  OrderedDict([('frame_index', 4), ('class_id', [0]), ('scores', [0.9931500554084778]), ('box_coordinates', [[226, 84, 1066, 712]])])
2021-06-02 20:29:22,776 - root -  OrderedDict([('frame_index', 5), ('class_id', [0]), ('scores', [0.9886773824691772]), ('box_coordinates', [[230, 87, 1050, 715]])])
2021-06-02 20:29:22,777 - root -  OrderedDict([('frame_index', 6), ('class_id', [0]), ('scores', [0.990766167640686]), ('box_coordinates', [[241, 83, 1036, 711]])])
2021-06-02 20:29:22,778 - root -  OrderedDict([('frame_index', 7), ('class_id', [0]), ('scores', [0.994207501411438]), ('box_coordinates', [[248, 67, 1073, 707]])])
2021-06-02 20:29:22,779 - root -  OrderedDict([('frame_index', 8), ('class_id', [0]), ('scores', [0.9934197068214417]), ('box_coordinates', [[249, 62, 1061, 709]])])
2021-06-02 20:29:22,780 - root -  OrderedDict([('frame_index', 9), ('class_id', [0]), ('scores', [0.992489755153656]), ('box_coordinates', [[249, 63, 1066, 709]])])
2021-06-02 20:29:22,780 - root -  OrderedDict([('frame_index', 10), ('class_id', [0]), ('scores', [0.9909528493881226]), ('box_coordinates', [[230, 49, 1047, 715]])])
2021-06-02 20:29:22,781 - root -  OrderedDict([('frame_index', 11), ('class_id', [0]), ('scores', [0.9802070260047913]), ('box_coordinates', [[223, 49, 1055, 712]])])
2021-06-02 20:29:22,782 - root -  OrderedDict([('frame_index', 12), ('class_id', [0]), ('scores', [0.9889573454856873]), ('box_coordinates', [[206, 36, 1034, 714]])])
2021-06-02 20:29:22,782 - root -  OrderedDict([('frame_index', 13), ('class_id', [0]), ('scores', [0.9900538921356201]), ('box_coordinates', [[200, 30, 1049, 715]])])
2021-06-02 20:29:22,783 - root -  OrderedDict([('frame_index', 14), ('class_id', [0]), ('scores', [0.989562451839447]), ('box_coordinates', [[200, 29, 1047, 715]])])
2021-06-02 20:29:22,784 - root -  OrderedDict([('frame_index', 15), ('class_id', [0]), ('scores', [0.989325761795044]), ('box_coordinates', [[192, 23, 1034, 718]])])
2021-06-02 20:29:22,785 - root -  OrderedDict([('frame_index', 16), ('class_id', [0]), ('scores', [0.991877555847168]), ('box_coordinates', [[199, 27, 1044, 715]])])
2021-06-02 20:29:22,787 - root -  OrderedDict([('frame_index', 17), ('class_id', [0]), ('scores', [0.9929628968238831]), ('box_coordinates', [[199, 27, 1022, 716]])])
2021-06-02 20:29:22,788 - root -  OrderedDict([('frame_index', 18), ('class_id', [0]), ('scores', [0.9915443658828735]), ('box_coordinates', [[208, 43, 1046, 717]])])
2021-06-02 20:29:22,789 - root -  OrderedDict([('frame_index', 19), ('class_id', [0]), ('scores', [0.9912506341934204]), ('box_coordinates', [[207, 42, 1043, 719]])])
2021-06-02 20:29:22,790 - root -  OrderedDict([('frame_index', 20), ('class_id', [0]), ('scores', [0.9875181317329407]), ('box_coordinates', [[211, 52, 1045, 717]])])
2021-06-13 17:14:45,413 - root -  0[0][0.9937817454338074][[231, 74, 1072, 708]]
2021-06-13 17:14:45,417 - root -  1[0][0.9959501028060913][[230, 74, 1091, 708]]
2021-06-13 17:14:45,418 - root -  2[0][0.9948398470878601][[225, 78, 1060, 717]]
2021-06-13 17:14:45,419 - root -  3[0][0.9934034943580627][[224, 88, 1064, 717]]
2021-06-13 17:14:45,420 - root -  4[0][0.9931500554084778][[226, 84, 1066, 712]]
2021-06-13 17:14:45,420 - root -  5[0][0.9886773824691772][[230, 87, 1050, 715]]
2021-06-13 17:14:45,421 - root -  6[0][0.990766167640686][[241, 83, 1036, 711]]
2021-06-13 17:14:45,422 - root -  7[0][0.994207501411438][[248, 67, 1073, 707]]
2021-06-13 17:14:45,423 - root -  8[0][0.9934197068214417][[249, 62, 1061, 709]]
2021-06-13 17:14:45,424 - root -  9[0][0.992489755153656][[249, 63, 1066, 709]]
2021-06-13 17:14:45,425 - root -  10[0][0.9909528493881226][[230, 49, 1047, 715]]
2021-06-13 17:14:45,427 - root -  11[0][0.9802069067955017][[223, 49, 1055, 712]]
2021-06-13 17:14:45,428 - root -  12[0][0.9889573454856873][[206, 36, 1034, 714]]
2021-06-13 17:14:45,428 - root -  13[0][0.9900540113449097][[200, 30, 1049, 715]]
2021-06-13 17:14:45,429 - root -  14[0][0.989562451839447][[200, 29, 1047, 715]]
2021-06-13 17:14:45,430 - root -  15[0][0.989325761795044][[192, 23, 1034, 718]]
2021-06-13 17:14:45,431 - root -  16[0][0.991877555847168][[199, 27, 1044, 715]]
2021-06-13 17:14:45,431 - root -  17[0][0.9929628968238831][[199, 27, 1022, 716]]
2021-06-13 17:14:45,432 - root -  18[0][0.9915443658828735][[208, 43, 1046, 717]]
2021-06-13 17:14:45,433 - root -  19[0][0.9912506341934204][[207, 42, 1043, 719]]
2021-06-13 17:14:45,434 - root -  20[0][0.9875180125236511][[211, 52, 1045, 717]]
2021-06-13 17:15:41,148 - root -  0[0][0.9937817454338074][[231, 74, 1072, 708]]
2021-06-13 17:15:41,150 - root -  1[0][0.9959501028060913][[230, 74, 1091, 708]]
2021-06-13 17:15:41,150 - root -  2[0][0.9948398470878601][[225, 78, 1060, 717]]
2021-06-13 17:15:41,151 - root -  3[0][0.9934034943580627][[224, 88, 1064, 717]]
2021-06-13 17:15:41,152 - root -  4[0][0.9931500554084778][[226, 84, 1066, 712]]
2021-06-13 17:15:41,153 - root -  5[0][0.9886773824691772][[230, 87, 1050, 715]]
2021-06-13 17:15:41,154 - root -  6[0][0.990766167640686][[241, 83, 1036, 711]]
2021-06-13 17:15:41,155 - root -  7[0][0.994207501411438][[248, 67, 1073, 707]]
2021-06-13 17:15:41,155 - root -  8[0][0.9934197068214417][[249, 62, 1061, 709]]
2021-06-13 17:15:41,156 - root -  9[0][0.992489755153656][[249, 63, 1066, 709]]
2021-06-13 17:15:41,157 - root -  10[0][0.9909528493881226][[230, 49, 1047, 715]]
2021-06-13 17:15:41,158 - root -  11[0][0.9802069067955017][[223, 49, 1055, 712]]
2021-06-13 17:15:41,159 - root -  12[0][0.9889573454856873][[206, 36, 1034, 714]]
2021-06-13 17:15:41,160 - root -  13[0][0.9900540113449097][[200, 30, 1049, 715]]
2021-06-13 17:15:41,161 - root -  14[0][0.989562451839447][[200, 29, 1047, 715]]
2021-06-13 17:15:41,162 - root -  15[0][0.989325761795044][[192, 23, 1034, 718]]
2021-06-13 17:15:41,162 - root -  16[0][0.991877555847168][[199, 27, 1044, 715]]
2021-06-13 17:15:41,163 - root -  17[0][0.9929628968238831][[199, 27, 1022, 716]]
2021-06-13 17:15:41,163 - root -  18[0][0.9915443658828735][[208, 43, 1046, 717]]
2021-06-13 17:15:41,164 - root -  19[0][0.9912506341934204][[207, 42, 1043, 719]]
2021-06-13 17:15:41,165 - root -  20[0][0.9875180125236511][[211, 52, 1045, 717]]
2021-06-13 17:16:10,802 - root -  0 [0] [0.9937817454338074] [[231, 74, 1072, 708]]
2021-06-13 17:16:10,803 - root -  1 [0] [0.9959501028060913] [[230, 74, 1091, 708]]
2021-06-13 17:16:10,804 - root -  2 [0] [0.9948398470878601] [[225, 78, 1060, 717]]
2021-06-13 17:16:10,805 - root -  3 [0] [0.9934034943580627] [[224, 88, 1064, 717]]
2021-06-13 17:16:10,806 - root -  4 [0] [0.9931500554084778] [[226, 84, 1066, 712]]
2021-06-13 17:16:10,806 - root -  5 [0] [0.9886773824691772] [[230, 87, 1050, 715]]
2021-06-13 17:16:10,808 - root -  6 [0] [0.990766167640686] [[241, 83, 1036, 711]]
2021-06-13 17:16:10,808 - root -  7 [0] [0.994207501411438] [[248, 67, 1073, 707]]
2021-06-13 17:16:10,809 - root -  8 [0] [0.9934197068214417] [[249, 62, 1061, 709]]
2021-06-13 17:16:10,810 - root -  9 [0] [0.992489755153656] [[249, 63, 1066, 709]]
2021-06-13 17:16:10,811 - root -  10 [0] [0.9909528493881226] [[230, 49, 1047, 715]]
2021-06-13 17:16:10,812 - root -  11 [0] [0.9802070260047913] [[223, 49, 1055, 712]]
2021-06-13 17:16:10,812 - root -  12 [0] [0.9889573454856873] [[206, 36, 1034, 714]]
2021-06-13 17:16:10,813 - root -  13 [0] [0.9900538921356201] [[200, 30, 1049, 715]]
2021-06-13 17:16:10,814 - root -  14 [0] [0.989562451839447] [[200, 29, 1047, 715]]
2021-06-13 17:16:10,814 - root -  15 [0] [0.989325761795044] [[192, 23, 1034, 718]]
2021-06-13 17:16:10,815 - root -  16 [0] [0.991877555847168] [[199, 27, 1044, 715]]
2021-06-13 17:16:10,816 - root -  17 [0] [0.9929628968238831] [[199, 27, 1022, 716]]
2021-06-13 17:16:10,816 - root -  18 [0] [0.9915443658828735] [[208, 43, 1046, 717]]
2021-06-13 17:16:10,817 - root -  19 [0] [0.9912506341934204] [[207, 42, 1043, 719]]
2021-06-13 17:16:10,817 - root -  20 [0] [0.9875181317329407] [[211, 52, 1045, 717]]
2021-06-13 17:17:10,007 - root -  0 [0] [0.9937817454338074]
2021-06-13 17:17:10,008 - root -  1 [0] [0.9959501028060913]
2021-06-13 17:17:10,009 - root -  2 [0] [0.9948398470878601]
2021-06-13 17:17:10,010 - root -  3 [0] [0.9934034943580627]
2021-06-13 17:17:10,012 - root -  4 [0] [0.9931500554084778]
2021-06-13 17:17:10,012 - root -  5 [0] [0.9886773824691772]
2021-06-13 17:17:10,012 - root -  6 [0] [0.990766167640686]
2021-06-13 17:17:10,012 - root -  7 [0] [0.994207501411438]
2021-06-13 17:17:10,013 - root -  8 [0] [0.9934197068214417]
2021-06-13 17:17:10,014 - root -  9 [0] [0.992489755153656]
2021-06-13 17:17:10,015 - root -  10 [0] [0.9909528493881226]
2021-06-13 17:17:10,016 - root -  11 [0] [0.9802070260047913]
2021-06-13 17:17:10,017 - root -  12 [0] [0.9889573454856873]
2021-06-13 17:17:10,017 - root -  13 [0] [0.9900538921356201]
2021-06-13 17:17:10,018 - root -  14 [0] [0.989562451839447]
2021-06-13 17:17:10,019 - root -  15 [0] [0.989325761795044]
2021-06-13 17:17:10,020 - root -  16 [0] [0.991877555847168]
2021-06-13 17:17:10,021 - root -  17 [0] [0.9929628968238831]
2021-06-13 17:17:10,021 - root -  18 [0] [0.9915443658828735]
2021-06-13 17:17:10,022 - root -  19 [0] [0.9912506341934204]
2021-06-13 17:17:10,024 - root -  20 [0] [0.9875181317329407]
2021-06-13 17:18:49,259 - root -  0 0 0.9937817454338074
2021-06-13 17:18:49,259 - root -  1 0 0.9959501028060913
2021-06-13 17:18:49,260 - root -  2 0 0.9948398470878601
2021-06-13 17:18:49,261 - root -  3 0 0.9934034943580627
2021-06-13 17:18:49,261 - root -  4 0 0.9931500554084778
2021-06-13 17:18:49,262 - root -  5 0 0.9886773824691772
2021-06-13 17:18:49,263 - root -  6 0 0.990766167640686
2021-06-13 17:18:49,263 - root -  7 0 0.994207501411438
2021-06-13 17:18:49,264 - root -  8 0 0.9934197068214417
2021-06-13 17:18:49,265 - root -  9 0 0.992489755153656
2021-06-13 17:18:49,266 - root -  10 0 0.9909528493881226
2021-06-13 17:18:49,267 - root -  11 0 0.9802070260047913
2021-06-13 17:18:49,268 - root -  12 0 0.9889573454856873
2021-06-13 17:18:49,269 - root -  13 0 0.9900540113449097
2021-06-13 17:18:49,269 - root -  14 0 0.989562451839447
2021-06-13 17:18:49,270 - root -  15 0 0.989325761795044
2021-06-13 17:18:49,271 - root -  16 0 0.991877555847168
2021-06-13 17:18:49,272 - root -  17 0 0.9929628968238831
2021-06-13 17:18:49,273 - root -  18 0 0.9915443658828735
2021-06-13 17:18:49,273 - root -  19 0 0.9912506341934204
2021-06-13 17:18:49,274 - root -  20 0 0.9875180125236511
2021-06-13 17:20:51,465 - root -  0 0 0.9938
2021-06-13 17:20:51,466 - root -  1 0 0.996
2021-06-13 17:20:51,468 - root -  2 0 0.9948
2021-06-13 17:20:51,469 - root -  3 0 0.9934
2021-06-13 17:20:51,469 - root -  4 0 0.9932
2021-06-13 17:20:51,470 - root -  5 0 0.9887
2021-06-13 17:20:51,470 - root -  6 0 0.9908
2021-06-13 17:20:51,471 - root -  7 0 0.9942
2021-06-13 17:20:51,471 - root -  8 0 0.9934
2021-06-13 17:20:51,471 - root -  9 0 0.9925
2021-06-13 17:20:51,472 - root -  10 0 0.991
2021-06-13 17:20:51,472 - root -  11 0 0.9802
2021-06-13 17:20:51,473 - root -  12 0 0.989
2021-06-13 17:20:51,473 - root -  13 0 0.9901
2021-06-13 17:20:51,474 - root -  14 0 0.9896
2021-06-13 17:20:51,474 - root -  15 0 0.9893
2021-06-13 17:20:51,475 - root -  16 0 0.9919
2021-06-13 17:20:51,475 - root -  17 0 0.993
2021-06-13 17:20:51,476 - root -  18 0 0.9915
2021-06-13 17:20:51,476 - root -  19 0 0.9913
2021-06-13 17:20:51,477 - root -  20 0 0.9875
2021-06-13 17:23:04,197 - 0 0 0.9938
2021-06-13 17:23:04,198 - 1 0 0.996
2021-06-13 17:23:04,198 - 2 0 0.9948
2021-06-13 17:23:04,199 - 3 0 0.9934
2021-06-13 17:23:04,200 - 4 0 0.9932
2021-06-13 17:23:04,200 - 5 0 0.9887
2021-06-13 17:23:04,201 - 6 0 0.9908
2021-06-13 17:23:04,202 - 7 0 0.9942
2021-06-13 17:23:04,203 - 8 0 0.9934
2021-06-13 17:23:04,206 - 9 0 0.9925
2021-06-13 17:23:04,208 - 10 0 0.991
2021-06-13 17:23:04,209 - 11 0 0.9802
2021-06-13 17:23:04,210 - 12 0 0.989
2021-06-13 17:23:04,211 - 13 0 0.9901
2021-06-13 17:23:04,212 - 14 0 0.9896
2021-06-13 17:23:04,213 - 15 0 0.9893
2021-06-13 17:23:04,213 - 16 0 0.9919
2021-06-13 17:23:04,214 - 17 0 0.993
2021-06-13 17:23:04,214 - 18 0 0.9915
2021-06-13 17:23:04,215 - 19 0 0.9913
2021-06-13 17:23:04,216 - 20 0 0.9875
2021-06-13 17:23:28,283 0 0 0.9938
2021-06-13 17:23:28,284 1 0 0.996
2021-06-13 17:23:28,284 2 0 0.9948
2021-06-13 17:23:28,285 3 0 0.9934
2021-06-13 17:23:28,286 4 0 0.9932
2021-06-13 17:23:28,286 5 0 0.9887
2021-06-13 17:23:28,287 6 0 0.9908
2021-06-13 17:23:28,288 7 0 0.9942
2021-06-13 17:23:28,288 8 0 0.9934
2021-06-13 17:23:28,288 9 0 0.9925
2021-06-13 17:23:28,289 10 0 0.991
2021-06-13 17:23:28,290 11 0 0.9802
2021-06-13 17:23:28,290 12 0 0.989
2021-06-13 17:23:28,291 13 0 0.9901
2021-06-13 17:23:28,292 14 0 0.9896
2021-06-13 17:23:28,292 15 0 0.9893
2021-06-13 17:23:28,293 16 0 0.9919
2021-06-13 17:23:28,293 17 0 0.993
2021-06-13 17:23:28,294 18 0 0.9915
2021-06-13 17:23:28,294 19 0 0.9913
2021-06-13 17:23:28,295 20 0 0.9875
2021-06-13 17:25:55,505 0 0 0.9938 [231, 74, 1072, 708]
2021-06-13 17:25:55,507 1 0 0.996 [230, 74, 1091, 708]
2021-06-13 17:25:55,509 2 0 0.9948 [225, 78, 1060, 717]
2021-06-13 17:25:55,511 3 0 0.9934 [224, 88, 1064, 717]
2021-06-13 17:25:55,512 4 0 0.9932 [226, 84, 1066, 712]
2021-06-13 17:25:55,513 5 0 0.9887 [230, 87, 1050, 715]
2021-06-13 17:25:55,513 6 0 0.9908 [241, 83, 1036, 711]
2021-06-13 17:25:55,514 7 0 0.9942 [248, 67, 1073, 707]
2021-06-13 17:25:55,515 8 0 0.9934 [249, 62, 1061, 709]
2021-06-13 17:25:55,515 9 0 0.9925 [249, 63, 1066, 709]
2021-06-13 17:25:55,516 10 0 0.991 [230, 49, 1047, 715]
2021-06-13 17:25:55,517 11 0 0.9802 [223, 49, 1055, 712]
2021-06-13 17:25:55,517 12 0 0.989 [206, 36, 1034, 714]
2021-06-13 17:25:55,518 13 0 0.9901 [200, 30, 1049, 715]
2021-06-13 17:25:55,518 14 0 0.9896 [200, 29, 1047, 715]
2021-06-13 17:25:55,518 15 0 0.9893 [192, 23, 1034, 718]
2021-06-13 17:25:55,519 16 0 0.9919 [199, 27, 1044, 715]
2021-06-13 17:25:55,519 17 0 0.993 [199, 27, 1022, 716]
2021-06-13 17:25:55,519 18 0 0.9915 [208, 43, 1046, 717]
2021-06-13 17:25:55,520 19 0 0.9913 [207, 42, 1043, 719]
2021-06-13 17:25:55,521 20 0 0.9875 [211, 52, 1045, 717]
2021-06-13 18:12:43,126 0 -991 -991 -991
2021-06-13 18:12:43,137 1 -991 -991 -991
2021-06-13 21:00:31,359 0 -991 -991 -991
2021-06-13 21:00:31,361 1 -991 -991 -991
2021-06-13 21:00:31,362 2 0 0.8992411494255066 [139, 3, 756, 615]
2021-06-13 21:00:31,362 3 0 0.9469794034957886 [116, 5, 729, 630]
2021-06-13 21:00:31,363 4 0 0.9517788887023926 [113, 2, 725, 650]
2021-06-13 21:00:31,363 5 0 0.9283013343811035 [118, 8, 734, 630]
2021-06-13 21:00:31,364 6 0 0.9196666479110718 [114, 8, 721, 631]
2021-06-13 21:00:31,364 7 0 0.9739820957183838 [102, 11, 717, 634]
2021-06-13 21:00:31,366 8 -991 -991 -991
2021-06-13 21:00:31,366 9 0 0.92267906665802 [136, 6, 645, 597]
2021-06-13 21:00:31,366 10 0 0.9103663563728333 [115, 12, 629, 536]
2021-06-13 21:00:31,367 11 0 0.9040646553039551 [118, 12, 629, 536]
2021-06-13 21:00:31,367 12 -991 -991 -991
2021-06-13 21:00:31,367 13 -991 -991 -991
2021-06-13 21:00:31,368 14 -991 -991 -991
2021-06-13 21:00:31,368 15 -991 -991 -991
2021-06-13 21:00:31,368 16 -991 -991 -991
2021-06-13 21:00:31,369 17 -991 -991 -991
2021-06-13 21:00:31,369 18 -991 -991 -991
2021-06-13 21:00:31,369 19 -991 -991 -991
2021-06-13 21:00:31,370 20 -991 -991 -991
2021-06-13 21:00:31,370 21 -991 -991 -991
2021-06-13 21:00:31,370 22 -991 -991 -991
2021-06-13 21:00:31,371 23 -991 -991 -991
2021-06-13 21:00:31,371 24 -991 -991 -991
2021-06-13 21:00:31,371 25 -991 -991 -991
2021-06-13 21:00:31,372 26 -991 -991 -991
2021-06-13 21:00:31,372 27 -991 -991 -991
2021-06-13 21:00:31,372 28 -991 -991 -991
2021-06-13 21:00:31,373 29 -991 -991 -991
2021-06-13 21:00:31,373 30 -991 -991 -991
2021-06-13 21:00:31,373 31 -991 -991 -991
2021-06-13 21:00:31,374 32 -991 -991 -991
2021-06-13 21:00:31,374 33 -991 -991 -991
2021-06-13 21:00:31,374 34 -991 -991 -991
2021-06-13 21:00:31,375 35 -991 -991 -991
2021-06-13 21:00:31,375 36 -991 -991 -991
2021-06-13 21:00:31,375 37 -991 -991 -991
2021-06-13 21:00:31,376 38 -991 -991 -991
2021-06-13 21:00:31,376 39 -991 -991 -991
2021-06-13 21:00:31,376 40 -991 -991 -991
2021-06-13 21:00:31,376 41 -991 -991 -991
2021-06-13 21:00:31,377 42 0 0.907210111618042 [215, 0, 880, 661]
2021-06-13 21:00:31,377 43 0 0.9882062077522278 [197, 0, 883, 665]
2021-06-13 21:00:31,377 44 0 0.9938608407974243 [182, 0, 908, 684]
2021-06-13 21:00:31,378 45 0 0.9934870004653931 [175, 0, 911, 711]
2021-06-13 21:00:31,379 46 0 0.9922531247138977 [174, 0, 907, 710]
2021-06-13 21:00:31,379 47 0 0.996538519859314 [178, 0, 980, 719]
2021-06-13 21:00:31,380 48 0 0.9990699887275696 [190, 0, 995, 720]
2021-06-13 21:00:31,380 49 0 0.9986760020256042 [177, 0, 998, 720]
2021-06-13 21:00:31,380 50 0 0.9980599284172058 [189, 0, 1059, 717]
2021-06-13 21:00:31,381 51 0 0.998046875 [189, 0, 1062, 717]
2021-06-13 21:00:31,381 52 0 0.9987800717353821 [178, 0, 1084, 720]
2021-06-13 21:00:31,381 53 0 0.9988332390785217 [214, 0, 1080, 710]
2021-06-13 21:00:31,382 54 0 0.998051643371582 [207, 0, 1114, 710]
2021-06-13 21:00:31,382 55 0 0.9978654980659485 [206, 5, 1085, 719]
2021-06-13 21:00:31,382 56 0 0.9978635907173157 [207, 4, 1086, 718]
2021-06-13 21:00:31,383 57 0 0.9978799819946289 [244, 7, 1109, 720]
2021-06-13 21:00:31,383 58 0 0.9982162117958069 [214, 18, 1134, 718]
2021-06-13 21:00:31,383 59 0 0.9960318207740784 [250, 19, 1114, 719]
2021-06-13 21:00:31,384 60 0 0.9926806092262268 [267, 23, 1099, 718]
2021-06-13 21:00:31,384 61 0 0.9931753277778625 [265, 24, 1100, 718]
2021-06-13 21:00:31,384 62 0 0.9915351867675781 [259, 33, 1107, 720]
2021-06-13 21:00:31,385 63 0 0.9954634308815002 [230, 51, 1145, 720]
2021-06-13 21:00:31,385 64 0 0.990934431552887 [232, 50, 1109, 708]
2021-06-13 21:00:31,385 65 0 0.9952680468559265 [237, 65, 1038, 711]
2021-06-13 21:00:31,385 66 0 0.9954439401626587 [237, 64, 1038, 711]
2021-06-13 21:00:31,386 67 0 0.9951061010360718 [238, 59, 1042, 713]
2021-06-13 21:00:31,386 68 0 0.9962904453277588 [238, 66, 1040, 711]
2021-06-13 21:00:31,386 69 0 0.9937652349472046 [243, 69, 1010, 709]
2021-06-13 21:00:31,386 70 0 0.9959555864334106 [234, 73, 1029, 709]
2021-06-13 21:00:31,386 71 0 0.9964714050292969 [233, 73, 1023, 709]
2021-06-13 21:00:31,387 72 0 0.9960386753082275 [224, 75, 1042, 704]
2021-06-13 21:00:31,387 73 0 0.9959640502929688 [224, 75, 1041, 706]
2021-06-13 21:00:31,387 74 0 0.9942951798439026 [232, 76, 1058, 705]
2021-06-13 21:00:31,387 75 0 0.9937044978141785 [230, 75, 1079, 710]
2021-06-13 21:00:31,387 76 0 0.9941045641899109 [231, 75, 1081, 711]
2021-06-13 21:00:31,388 77 0 0.9935344457626343 [234, 73, 1069, 708]
2021-06-13 21:00:31,388 78 0 0.9960887432098389 [232, 74, 1088, 708]
2021-06-13 21:00:31,388 79 0 0.994256317615509 [229, 76, 1065, 717]
2021-06-13 21:00:31,388 80 0 0.9933316111564636 [230, 86, 1074, 716]
2021-06-13 21:00:31,389 81 0 0.9928295016288757 [225, 85, 1072, 715]
2021-06-13 21:00:31,389 82 0 0.9818597435951233 [231, 86, 1046, 717]
2021-06-13 21:00:31,389 83 0 0.9906662106513977 [236, 80, 1045, 714]
2021-06-13 21:00:31,389 84 0 0.9920554757118225 [250, 65, 1067, 709]
2021-06-13 21:00:31,389 85 0 0.9946380257606506 [246, 62, 1060, 710]
2021-06-13 21:00:31,389 86 0 0.9932115077972412 [244, 60, 1066, 709]
2021-06-13 21:00:31,390 87 0 0.9889485836029053 [232, 54, 1052, 715]
2021-06-13 21:00:31,390 88 0 0.9838449954986572 [221, 44, 1062, 710]
2021-06-13 21:00:31,390 89 0 0.9887803792953491 [201, 34, 1033, 713]
2021-06-13 21:00:31,390 90 0 0.989723801612854 [200, 30, 1048, 715]
2021-06-13 21:00:31,390 91 0 0.9886721968650818 [201, 27, 1048, 716]
2021-06-13 21:00:31,391 92 0 0.9894160628318787 [193, 20, 1034, 717]
2021-06-13 21:00:31,391 93 0 0.992000937461853 [197, 21, 1040, 717]
2021-06-13 21:00:31,391 94 0 0.9914785027503967 [198, 26, 1018, 716]
2021-06-13 21:00:31,391 95 0 0.9902614951133728 [207, 38, 1045, 718]
2021-06-13 21:00:31,391 96 0 0.9908798933029175 [206, 38, 1047, 717]
2021-06-13 21:00:31,392 97 0 0.9846887588500977 [214, 50, 1028, 717]
2021-06-13 21:00:31,392 98 0 0.9814513325691223 [205, 51, 1009, 717]
2021-06-13 21:00:31,392 99 0 0.9873082041740417 [209, 49, 1008, 719]
2021-06-13 21:00:31,392 100 0 0.988440990447998 [196, 47, 1005, 717]
2021-06-13 21:00:31,392 101 0 0.9885581731796265 [199, 47, 1000, 716]
2021-06-13 21:00:31,392 102 0 0.9869213104248047 [207, 47, 1002, 715]
2021-06-13 21:00:31,393 103 0 0.9868658185005188 [204, 50, 1003, 716]
2021-06-13 21:00:31,393 104 0 0.9782548546791077 [204, 60, 972, 715]
2021-06-13 21:00:31,394 105 0 0.984821617603302 [208, 65, 982, 716]
2021-06-13 21:00:31,395 106 0 0.9852258563041687 [203, 65, 985, 716]
2021-06-13 21:00:31,395 107 0 0.9802547097206116 [196, 67, 957, 716]
2021-06-13 21:00:31,398 108 0 0.9959793090820312 [320, 246, 851, 720]
2021-06-13 21:00:31,398 109 0 0.9895114302635193 [317, 246, 842, 720]
2021-06-13 21:00:31,398 110 0 0.988753080368042 [318, 244, 833, 720]
2021-06-13 21:00:31,398 111 0 0.9895474910736084 [319, 244, 836, 720]
2021-06-13 21:00:31,399 112 0 0.9816529154777527 [320, 246, 835, 720]
2021-06-13 21:00:31,399 113 0 0.9852514266967773 [325, 247, 817, 720]
2021-06-13 21:00:31,399 114 0 0.9799185991287231 [330, 250, 816, 720]
2021-06-13 21:00:31,399 115 0 0.9844332933425903 [340, 237, 825, 716]
2021-06-13 21:00:31,400 116 0 0.9832647442817688 [340, 238, 826, 716]
2021-06-13 21:00:31,400 117 0 0.9714971780776978 [336, 250, 820, 720]
2021-06-13 21:00:31,400 118 0 0.9811045527458191 [325, 243, 830, 720]
2021-06-13 21:00:31,400 119 0 0.9809085130691528 [333, 248, 821, 720]
2021-06-13 21:00:31,400 120 0 0.9843048453330994 [330, 243, 826, 720]
2021-06-13 21:00:31,400 121 0 0.9848201274871826 [336, 246, 820, 720]
2021-06-13 21:00:31,401 122 0 0.9850243330001831 [352, 252, 815, 720]
2021-06-13 21:00:31,401 123 0 0.9843233227729797 [344, 250, 820, 720]
2021-06-13 21:00:31,401 124 0 0.9874293208122253 [338, 245, 823, 720]
2021-06-13 21:00:31,401 125 0 0.9892475008964539 [350, 252, 818, 720]
2021-06-13 21:00:31,401 126 0 0.990755021572113 [350, 252, 817, 720]
2021-06-13 21:00:31,402 127 0 0.9909699559211731 [354, 252, 818, 720]
2021-06-13 21:00:31,402 128 0 0.9928981065750122 [356, 253, 819, 720]
2021-06-13 21:00:31,402 129 0 0.9923242330551147 [357, 254, 821, 720]
2021-06-13 21:00:31,402 130 0 0.9918516278266907 [348, 249, 822, 720]
2021-06-13 21:00:31,402 131 0 0.9921407103538513 [361, 254, 821, 720]
2021-06-13 21:00:31,402 132 0 0.987910270690918 [345, 249, 823, 720]
2021-06-13 21:00:31,403 133 0 0.98819899559021 [348, 249, 823, 720]
2021-06-13 21:00:31,403 134 0 0.9896420836448669 [365, 255, 823, 720]
2021-06-13 21:00:31,403 135 0 0.9904085397720337 [368, 254, 824, 720]
2021-06-13 21:00:31,403 136 0 0.9898333549499512 [369, 254, 824, 720]
2021-06-13 21:00:31,403 137 0 0.9875134825706482 [369, 254, 825, 720]
2021-06-13 21:00:31,404 138 0 0.9887793064117432 [370, 253, 824, 720]
2021-06-13 21:00:31,404 139 -991 -991 -991
2021-06-13 21:00:31,404 140 -991 -991 -991
2021-06-13 21:00:31,404 141 -991 -991 -991
2021-06-13 21:00:31,404 142 -991 -991 -991
2021-06-13 21:00:31,405 143 0 0.9740429520606995 [182, 147, 347, 335]
2021-06-13 21:00:31,405 144 0 0.962867021560669 [166, 141, 354, 342]
2021-06-13 21:00:31,405 145 0 0.9647770524024963 [160, 137, 355, 345]
2021-06-13 21:00:31,405 146 0 0.9636287689208984 [160, 137, 356, 345]
2021-06-13 21:00:31,405 147 0 0.9603084325790405 [160, 138, 356, 348]
2021-06-13 21:00:31,406 148 0 0.9661390781402588 [161, 138, 355, 348]
2021-06-13 21:00:31,406 149 0 0.9609625339508057 [161, 138, 355, 348]
2021-06-13 21:00:31,406 150 0 0.9627151489257812 [161, 138, 355, 348]
2021-06-13 21:00:31,406 151 0 0.960766613483429 [161, 138, 355, 348]
2021-06-13 21:00:31,406 152 0 0.9611365795135498 [161, 137, 355, 348]
2021-06-13 21:00:31,407 153 0 0.960574209690094 [161, 137, 355, 348]
2021-06-13 21:00:31,407 154 0 0.9603073000907898 [161, 137, 355, 348]
2021-06-13 21:00:31,407 155 0 0.9607447385787964 [159, 142, 360, 353]
2021-06-13 21:00:31,407 156 0 0.9625452756881714 [159, 142, 360, 352]
2021-06-13 21:00:31,407 157 0 0.9639895558357239 [159, 142, 360, 353]
2021-06-13 21:00:31,407 158 0 0.9711256623268127 [160, 142, 359, 352]
2021-06-13 21:00:31,408 159 0 0.9587522149085999 [165, 138, 370, 347]
2021-06-13 21:00:31,408 160 0 0.9641702175140381 [167, 137, 375, 351]
2021-06-13 21:00:31,408 161 0 0.9641615152359009 [167, 137, 374, 351]
2021-06-13 21:00:31,408 162 0 0.9624481797218323 [171, 137, 391, 354]
2021-06-13 21:00:31,408 163 0 0.9631928205490112 [343, 159, 550, 370]
2021-06-13 21:00:31,409 164 0 0.968720018863678 [341, 159, 551, 371]
2021-06-13 21:00:31,409 165 0 0.9704524874687195 [341, 159, 551, 372]
2021-06-13 21:00:31,409 166 0 0.9700844287872314 [342, 160, 552, 371]
2021-06-13 21:00:31,410 167 0 0.9697082042694092 [342, 159, 551, 371]
2021-06-13 21:00:31,410 168 0 0.9718530774116516 [340, 160, 551, 372]
2021-06-13 21:00:31,410 169 0 0.9738513827323914 [338, 160, 551, 372]
2021-06-13 21:00:31,410 170 0 0.9732315540313721 [338, 161, 548, 372]
2021-06-13 21:00:31,410 171 0 0.9723242521286011 [337, 162, 548, 372]
2021-06-13 21:00:31,410 172 0 0.9550912976264954 [341, 163, 545, 371]
2021-06-13 21:00:31,411 173 0 0.9465159177780151 [162, 137, 351, 351]
2021-06-13 21:00:31,411 174 0 0.9805456399917603 [532, 146, 733, 352]
2021-06-13 21:00:31,411 175 0 0.9823063015937805 [536, 140, 741, 355]
2021-06-13 21:00:31,411 176 0 0.9805594682693481 [536, 140, 740, 356]
2021-06-13 21:00:31,411 177 0 0.987043559551239 [537, 138, 741, 355]
2021-06-13 21:00:31,412 178 0 0.9868651032447815 [537, 138, 741, 355]
2021-06-13 21:00:31,412 179 0 0.9856169819831848 [538, 138, 741, 355]
2021-06-13 21:00:31,412 180 0 0.9856780171394348 [538, 137, 741, 355]
2021-06-13 21:00:31,412 181 0 0.986339807510376 [538, 138, 741, 355]
2021-06-13 21:00:31,413 182 0 0.9868319034576416 [537, 138, 742, 355]
2021-06-13 21:00:31,413 183 0 0.9862958788871765 [539, 138, 742, 355]
2021-06-13 21:00:31,413 184 0 0.9865656495094299 [539, 138, 743, 355]
2021-06-13 21:00:31,413 185 0 0.9856036901473999 [540, 138, 743, 355]
2021-06-13 21:00:31,413 186 0 0.9861831665039062 [539, 138, 743, 355]
2021-06-13 21:00:31,413 187 0 0.9856738448143005 [539, 138, 743, 355]
2021-06-13 21:00:31,414 188 0 0.9865113496780396 [540, 138, 743, 354]
2021-06-13 21:00:31,414 189 0 0.985662043094635 [540, 138, 744, 354]
2021-06-13 21:00:31,414 190 0 0.9864603281021118 [540, 138, 744, 354]
2021-06-13 21:00:31,414 191 0 0.9869486093521118 [540, 138, 743, 354]
2021-06-13 21:00:31,414 192 0 0.9865025281906128 [540, 137, 743, 355]
2021-06-13 21:00:31,414 193 0 0.9860107898712158 [539, 137, 743, 355]
2021-06-13 21:00:31,415 194 0 0.9862881898880005 [540, 138, 743, 355]
2021-06-13 21:00:31,415 195 0 0.9862548112869263 [541, 137, 742, 356]
2021-06-13 21:00:31,415 196 0 0.9865096211433411 [541, 137, 742, 356]
2021-06-13 21:00:31,415 197 0 0.9783355593681335 [541, 136, 746, 355]
2021-06-13 21:00:31,415 198 0 0.9654409289360046 [338, 165, 539, 380]
2021-06-13 21:00:31,415 199 0 0.972234308719635 [540, 138, 742, 356]
2021-06-13 21:00:31,416 200 0 0.9715023636817932 [539, 139, 742, 356]
2021-06-13 21:00:31,416 201 0 0.9706031084060669 [539, 139, 741, 356]
2021-06-13 21:00:31,416 202 0 0.9692592024803162 [540, 138, 741, 356]
2021-06-13 21:00:31,416 203 0 0.9671911001205444 [538, 138, 739, 356]
2021-06-13 21:00:31,416 204 0 0.9709149599075317 [931, 152, 1096, 344]
2021-06-13 21:00:31,416 205 0 0.9786936044692993 [934, 149, 1097, 351]
2021-06-13 21:00:31,417 206 0 0.9781226515769958 [935, 149, 1098, 351]
2021-06-13 21:00:31,417 207 0 0.9774256348609924 [934, 146, 1096, 353]
2021-06-13 21:00:31,417 208 0 0.9738432765007019 [933, 146, 1096, 353]
2021-06-13 21:00:31,417 209 0 0.9734840989112854 [933, 145, 1096, 352]
2021-06-13 21:00:31,417 210 0 0.9712644219398499 [934, 144, 1096, 353]
2021-06-13 21:00:31,417 211 0 0.9716999530792236 [933, 144, 1096, 353]
2021-06-13 21:00:31,418 212 0 0.9727801084518433 [933, 144, 1096, 352]
2021-06-13 21:00:31,418 213 0 0.971601128578186 [933, 144, 1096, 353]
2021-06-13 21:00:31,418 214 0 0.9711170196533203 [933, 144, 1095, 353]
2021-06-13 21:00:31,418 215 0 0.9711627960205078 [933, 144, 1095, 352]
2021-06-13 21:00:31,418 216 0 0.9718515872955322 [933, 144, 1095, 352]
2021-06-13 21:00:31,418 217 0 0.9727062582969666 [933, 145, 1094, 352]
2021-06-13 21:00:31,419 218 0 0.9725364446640015 [933, 145, 1094, 352]
2021-06-13 21:00:31,419 219 0 0.9710888266563416 [933, 145, 1094, 352]
2021-06-13 21:00:31,419 220 0 0.9705135822296143 [933, 144, 1094, 352]
2021-06-13 21:00:31,419 221 0 0.9706882238388062 [934, 144, 1095, 352]
2021-06-13 21:00:31,419 222 0 0.9706398248672485 [934, 145, 1094, 352]
2021-06-13 21:00:31,419 223 0 0.9708986282348633 [934, 144, 1094, 352]
2021-06-13 21:00:31,420 224 0 0.9710138440132141 [933, 144, 1094, 352]
2021-06-13 21:00:31,420 225 0 0.9701551795005798 [933, 145, 1094, 352]
2021-06-13 21:00:31,420 226 0 0.970901370048523 [933, 145, 1094, 352]
2021-06-13 21:00:31,420 227 0 0.9431058764457703 [642, 616, 710, 678]
2021-06-13 21:00:31,420 228 0 0.9448682069778442 [642, 617, 710, 678]
2021-06-13 21:00:31,420 229 0 0.9509127736091614 [641, 616, 711, 678]
2021-06-13 21:00:31,421 230 0 0.9525437355041504 [641, 616, 711, 678]
2021-06-13 21:00:31,421 231 0 0.9610776901245117 [641, 616, 711, 678]
2021-06-13 21:00:31,421 232 0 0.9591561555862427 [640, 616, 712, 678]
2021-06-13 21:00:31,421 233 0 0.9482014179229736 [640, 615, 711, 678]
2021-06-13 21:00:31,421 234 0 0.9320303797721863 [640, 615, 713, 678]
2021-06-13 21:00:31,422 235 0 0.9299346804618835 [640, 616, 715, 678]
2021-06-13 21:00:31,422 236 0 0.93144690990448 [640, 615, 715, 678]
2021-06-13 21:00:31,422 237 0 0.9246451258659363 [641, 615, 715, 678]
2021-06-13 21:00:31,422 238 0 0.9279364943504333 [640, 615, 715, 678]
2021-06-13 21:00:31,422 239 0 0.9271872639656067 [640, 615, 715, 678]
2021-06-13 21:00:31,422 240 0 0.9330804944038391 [639, 615, 715, 678]
2021-06-13 21:00:31,423 241 0 0.9393750429153442 [640, 615, 716, 678]
2021-06-13 21:00:31,423 242 0 0.9315230250358582 [640, 615, 716, 678]
2021-06-13 21:00:31,423 243 0 0.9128113985061646 [640, 615, 715, 678]
2021-06-13 21:00:31,423 244 0 0.9087895154953003 [445, 170, 816, 516]
2021-06-13 21:00:31,423 245 0 0.8947458267211914 [447, 168, 817, 517]
2021-06-13 21:00:31,423 246 0 0.9018238186836243 [448, 168, 818, 517]
2021-06-13 21:00:31,424 247 0 0.8670968413352966 [639, 616, 709, 679]
2021-06-13 21:00:31,425 248 0 0.8872339725494385 [450, 170, 816, 516]
2021-06-13 21:00:31,428 249 0 0.9146946668624878 [447, 170, 815, 516]
2021-06-13 21:00:31,428 250 0 0.9048138856887817 [451, 173, 814, 515]
2021-06-13 21:00:31,429 251 0 0.9018616080284119 [451, 172, 814, 515]
2021-06-13 21:00:31,429 252 -991 -991 -991
2021-06-13 21:00:31,429 253 -991 -991 -991
2021-06-13 21:00:31,429 254 -991 -991 -991
2021-06-13 21:00:31,430 255 -991 -991 -991
2021-06-13 21:00:31,430 256 -991 -991 -991
2021-06-13 21:00:31,430 257 -991 -991 -991
2021-06-13 21:00:31,430 258 0 0.9390195608139038 [463, 325, 827, 620]
2021-06-13 21:00:31,431 259 0 0.9940409064292908 [455, 297, 826, 609]
2021-06-13 21:00:31,431 260 0 0.994563639163971 [444, 260, 828, 577]
2021-06-13 21:00:31,431 261 0 0.994454562664032 [444, 260, 828, 577]
2021-06-13 21:00:31,431 262 0 0.9864907264709473 [452, 247, 827, 549]
2021-06-13 21:00:31,431 263 0 0.989487886428833 [451, 222, 835, 548]
2021-06-13 21:00:31,431 264 0 0.9923215508460999 [449, 210, 834, 530]
2021-06-13 21:00:31,432 265 0 0.9943008422851562 [450, 200, 832, 522]
2021-06-13 21:00:31,432 266 0 0.9943773150444031 [451, 200, 832, 522]
2021-06-13 21:00:31,432 267 0 0.9947814345359802 [449, 196, 829, 519]
2021-06-13 21:00:31,432 268 0 0.9957190155982971 [449, 193, 827, 512]
2021-06-13 21:00:31,432 269 0 0.9927571415901184 [452, 189, 825, 508]
2021-06-13 21:00:31,432 270 0 0.995108425617218 [451, 191, 826, 507]
2021-06-13 21:00:31,433 271 0 0.9951313734054565 [451, 190, 827, 507]
2021-06-13 21:00:31,433 272 0 0.9950447082519531 [449, 191, 825, 508]
2021-06-13 21:00:31,433 273 0 0.9951032400131226 [448, 189, 826, 508]
2021-06-13 21:00:31,433 274 0 0.9957500696182251 [447, 189, 826, 509]
2021-06-13 21:00:31,433 275 0 0.995124876499176 [447, 189, 825, 508]
2021-06-13 21:00:31,434 276 0 0.9954362511634827 [446, 190, 826, 508]
2021-06-13 21:00:31,434 277 0 0.9960694313049316 [447, 190, 825, 508]
2021-06-13 21:00:31,434 278 0 0.9956079125404358 [447, 190, 826, 509]
2021-06-13 21:00:31,434 279 0 0.9956092238426208 [445, 190, 826, 508]
2021-06-13 21:00:31,434 280 0 0.995157778263092 [447, 190, 826, 507]
2021-06-13 21:00:31,434 281 0 0.9950292706489563 [448, 190, 826, 507]
2021-06-13 21:00:31,435 282 0 0.9945952296257019 [449, 190, 827, 508]
2021-06-13 21:00:31,435 283 0 0.9949997663497925 [449, 190, 828, 508]
2021-06-13 21:00:31,435 284 0 0.9941697120666504 [451, 190, 827, 506]
2021-06-13 21:00:31,435 285 0 0.9931337833404541 [449, 190, 826, 505]
2021-06-13 21:00:31,435 286 0 0.992966890335083 [449, 190, 826, 505]
2021-06-13 21:00:31,435 287 0 0.9940529465675354 [450, 190, 826, 507]
2021-06-13 21:00:31,436 288 0 0.9942677021026611 [449, 190, 826, 507]
2021-06-13 21:00:31,436 289 0 0.9948524832725525 [450, 191, 827, 507]
2021-06-13 21:00:31,436 290 -991 -991 -991
2021-06-13 21:00:31,436 291 -991 -991 -991
2021-06-13 21:00:31,436 292 -991 -991 -991
2021-06-13 21:00:31,436 293 -991 -991 -991
2021-06-13 21:00:31,437 294 -991 -991 -991
2021-06-13 21:00:31,437 295 -991 -991 -991
2021-06-13 21:00:31,437 296 -991 -991 -991
2021-06-13 21:00:31,437 297 -991 -991 -991
2021-06-13 21:00:31,437 298 -991 -991 -991
2021-06-13 21:00:31,437 299 -991 -991 -991
2021-06-13 21:00:31,438 300 -991 -991 -991
2021-06-13 21:00:31,438 301 -991 -991 -991
2021-06-13 21:00:31,438 302 -991 -991 -991
2021-06-13 21:00:31,439 303 -991 -991 -991
2021-06-13 21:00:31,439 304 -991 -991 -991
2021-06-13 21:00:31,439 305 -991 -991 -991
2021-06-13 21:00:31,439 306 -991 -991 -991
2021-06-13 21:00:31,440 307 -991 -991 -991
2021-06-13 21:00:31,440 308 -991 -991 -991
2021-06-13 21:00:31,440 309 -991 -991 -991
2021-06-13 21:00:31,440 310 -991 -991 -991
2021-06-13 21:00:31,440 311 -991 -991 -991
2021-06-13 21:00:31,440 312 -991 -991 -991
2021-06-13 21:00:31,441 313 -991 -991 -991
2021-06-13 21:00:31,441 314 -991 -991 -991
2021-06-13 21:00:31,441 315 -991 -991 -991
2021-06-13 21:00:31,441 316 -991 -991 -991
2021-06-13 21:00:31,441 317 -991 -991 -991
2021-06-13 21:00:31,441 318 -991 -991 -991
2021-06-13 21:00:31,442 319 -991 -991 -991
2021-06-13 21:00:31,442 320 -991 -991 -991
2021-06-13 21:00:31,442 321 -991 -991 -991
2021-06-13 21:00:31,442 322 -991 -991 -991
2021-06-13 21:00:31,442 323 -991 -991 -991
2021-06-13 21:00:31,442 324 -991 -991 -991
2021-06-13 21:00:31,443 325 -991 -991 -991
2021-06-13 21:00:31,443 326 -991 -991 -991
2021-06-13 21:00:31,443 327 -991 -991 -991
2021-06-13 21:00:31,443 328 -991 -991 -991
2021-06-13 21:00:31,443 329 -991 -991 -991
2021-06-13 21:00:31,443 330 -991 -991 -991
2021-06-13 21:00:31,444 331 -991 -991 -991
2021-06-13 21:00:31,444 332 -991 -991 -991
2021-06-13 21:00:31,444 333 -991 -991 -991
2021-06-13 21:00:31,444 334 -991 -991 -991
2021-06-13 21:00:31,444 335 -991 -991 -991
2021-06-13 21:00:31,444 336 -991 -991 -991
2021-06-13 21:00:31,445 337 -991 -991 -991
2021-06-13 21:00:31,445 338 -991 -991 -991
2021-06-13 21:00:31,445 339 -991 -991 -991
2021-06-13 21:00:31,445 340 -991 -991 -991
2021-06-13 21:00:31,445 341 -991 -991 -991
2021-06-13 21:00:31,445 342 -991 -991 -991
2021-06-13 21:00:31,446 343 -991 -991 -991
2021-06-13 21:00:31,446 344 -991 -991 -991
2021-06-13 21:00:31,446 345 -991 -991 -991
2021-06-13 21:00:31,446 346 -991 -991 -991
2021-06-13 21:00:31,446 347 -991 -991 -991
2021-06-13 21:00:31,446 348 -991 -991 -991
2021-06-13 21:00:31,446 349 -991 -991 -991
2021-06-13 21:00:31,447 350 -991 -991 -991
2021-06-13 21:00:31,447 351 -991 -991 -991
2021-06-13 21:00:31,447 352 -991 -991 -991
2021-06-13 21:00:31,447 353 -991 -991 -991
2021-06-13 21:00:31,447 354 -991 -991 -991
2021-06-13 21:00:31,447 355 -991 -991 -991
2021-06-13 21:00:31,448 356 -991 -991 -991
2021-06-13 21:00:31,448 357 -991 -991 -991
2021-06-13 21:00:31,448 358 -991 -991 -991
2021-06-13 21:00:31,448 359 -991 -991 -991
2021-06-13 21:00:31,448 360 -991 -991 -991
2021-06-13 21:00:31,448 361 -991 -991 -991
2021-06-13 21:00:31,449 362 -991 -991 -991
2021-06-13 21:00:31,449 363 -991 -991 -991
2021-06-13 21:00:31,449 364 -991 -991 -991
2021-06-13 21:00:31,449 365 -991 -991 -991
2021-06-13 21:00:31,449 366 -991 -991 -991
2021-06-13 21:00:31,449 367 -991 -991 -991
2021-06-13 21:00:31,450 368 0 0.9654651284217834 [18, 9, 1135, 661]
2021-06-13 21:00:31,450 369 0 0.9609573483467102 [32, 6, 1149, 656]
2021-06-13 21:00:31,450 370 0 0.9595206379890442 [19, 0, 1158, 686]
2021-06-13 21:00:31,450 371 0 0.9486032128334045 [16, 0, 1180, 686]
2021-06-13 21:00:31,450 372 0 0.9656962156295776 [8, 1, 1132, 655]
2021-06-13 21:00:31,450 373 0 0.9719574451446533 [6, 0, 1138, 692]
2021-06-13 21:00:31,451 374 0 0.982006847858429 [12, 0, 1111, 685]
2021-06-13 21:00:31,451 375 0 0.9735629558563232 [18, 0, 1166, 693]
2021-06-13 21:00:31,451 376 0 0.9737996459007263 [16, 0, 1169, 692]
2021-06-13 21:00:31,451 377 0 0.9846314787864685 [0, 0, 1110, 699]
2021-06-13 21:00:31,451 378 0 0.9691271781921387 [0, 0, 1155, 701]
2021-06-13 21:00:31,451 379 0 0.9782103896141052 [0, 0, 1085, 703]
2021-06-13 21:00:31,452 380 0 0.9657058715820312 [0, 0, 1099, 702]
2021-06-13 21:00:31,452 381 0 0.9674633741378784 [0, 0, 1100, 702]
2021-06-13 21:00:31,452 382 0 0.966198205947876 [0, 0, 1100, 703]
2021-06-13 21:00:31,452 383 0 0.9858632683753967 [0, 0, 1118, 707]
2021-06-13 21:00:31,452 384 0 0.9870277643203735 [0, 0, 1196, 708]
2021-06-13 21:00:31,452 385 0 0.9848029613494873 [4, 0, 1194, 710]
2021-06-13 21:00:31,453 386 0 0.9861984252929688 [9, 0, 1181, 709]
2021-06-13 21:00:31,453 387 0 0.9955011010169983 [5, 0, 1152, 707]
2021-06-13 21:00:31,453 388 0 0.9903422594070435 [14, 0, 1199, 704]
2021-06-13 21:00:31,453 389 0 0.9881305694580078 [16, 0, 1217, 699]
2021-06-13 21:00:31,453 390 0 0.9907383322715759 [23, 0, 1213, 698]
2021-06-13 21:00:31,453 391 0 0.9896746277809143 [21, 0, 1219, 698]
2021-06-13 21:00:31,454 392 0 0.9851979613304138 [21, 0, 1235, 701]
2021-06-13 21:00:31,454 393 0 0.9857941269874573 [19, 0, 1234, 705]
2021-06-13 21:00:31,454 394 0 0.9856005311012268 [20, 0, 1240, 704]
2021-06-13 21:00:31,454 395 0 0.9882144927978516 [20, 0, 1246, 705]
2021-06-13 21:00:31,454 396 0 0.9909997582435608 [26, 0, 1245, 704]
2021-06-13 21:00:31,455 397 0 0.9902883768081665 [22, 0, 1246, 706]
2021-06-13 21:00:31,455 398 0 0.9910051822662354 [13, 0, 1241, 704]
2021-06-13 21:00:31,456 399 0 0.9919853210449219 [20, 0, 1235, 697]
2021-06-13 21:00:31,457 400 0 0.993277370929718 [23, 0, 1233, 694]
2021-06-13 21:00:31,458 401 0 0.9932524561882019 [26, 0, 1231, 694]
2021-06-13 21:00:31,461 402 0 0.9927471280097961 [25, 0, 1227, 698]
2021-06-13 21:00:31,461 403 0 0.9891146421432495 [20, 0, 1218, 699]
2021-06-13 21:00:31,462 404 0 0.9946551322937012 [23, 0, 1223, 695]
2021-06-13 21:00:31,462 405 0 0.9932925701141357 [16, 0, 1181, 693]
2021-06-13 21:00:31,462 406 0 0.994022786617279 [15, 0, 1179, 692]
2021-06-13 21:00:31,462 407 0 0.9944071769714355 [2, 0, 1172, 695]
2021-06-13 21:00:31,463 408 0 0.9937400817871094 [8, 0, 1192, 698]
2021-06-13 21:00:31,463 409 0 0.9900825619697571 [5, 0, 1193, 699]
2021-06-13 21:00:31,463 410 0 0.9919512271881104 [0, 0, 1174, 698]
2021-06-13 21:00:31,464 411 0 0.9922418594360352 [0, 0, 1167, 699]
2021-06-13 21:00:31,464 412 0 0.9846394062042236 [0, 0, 1191, 693]
2021-06-13 21:00:31,464 413 0 0.9856945872306824 [0, 0, 1198, 697]
2021-06-13 21:00:31,464 414 0 0.9917363524436951 [1, 0, 1185, 701]
2021-06-13 21:00:31,464 415 0 0.9894550442695618 [6, 0, 1197, 698]
2021-06-13 21:00:31,464 416 0 0.9893267154693604 [5, 0, 1197, 699]
2021-06-13 21:00:31,465 417 0 0.9837350845336914 [5, 0, 1204, 698]
2021-06-13 21:00:31,465 418 0 0.9802302718162537 [7, 0, 1200, 698]
2021-06-13 21:00:31,465 419 0 0.98562091588974 [9, 0, 1182, 697]
2021-06-13 21:00:31,465 420 0 0.9849750399589539 [2, 0, 1202, 698]
2021-06-13 21:00:31,465 421 0 0.9852946996688843 [0, 0, 1205, 699]
2021-06-13 21:00:31,465 422 0 0.9868494272232056 [0, 0, 1188, 702]
2021-06-13 21:00:31,465 423 0 0.9891267418861389 [0, 0, 1196, 704]
2021-06-13 21:00:31,466 424 0 0.9885013103485107 [0, 0, 1168, 701]
2021-06-13 21:00:31,466 425 0 0.9889524579048157 [0, 0, 1167, 703]
2021-06-13 21:00:31,466 426 0 0.9875868558883667 [0, 0, 1171, 702]
2021-06-13 21:00:31,466 427 0 0.9884048700332642 [0, 0, 1149, 700]
2021-06-13 21:00:31,466 428 0 0.9898625612258911 [0, 0, 1138, 700]
2021-06-13 21:00:31,466 429 0 0.9838780164718628 [5, 0, 1174, 699]
2021-06-13 21:00:31,467 430 0 0.986940324306488 [7, 0, 1158, 697]
2021-06-13 21:00:31,467 431 0 0.98431396484375 [8, 0, 1150, 698]
2021-06-13 21:00:31,467 432 0 0.9852780699729919 [11, 0, 1160, 699]
2021-06-13 21:00:31,467 433 0 0.9839080572128296 [15, 0, 1162, 699]
2021-06-13 21:00:31,467 434 0 0.9815935492515564 [11, 0, 1154, 695]
2021-06-13 21:00:31,467 435 0 0.9754551649093628 [6, 0, 1165, 695]
2021-06-13 21:00:31,468 436 0 0.9783874750137329 [4, 0, 1159, 698]
2021-06-13 21:00:31,468 437 0 0.9779731631278992 [6, 0, 1181, 704]
2021-06-13 21:00:31,468 438 0 0.9738905429840088 [9, 0, 1158, 701]
2021-06-13 21:00:31,468 439 0 0.9777471423149109 [5, 0, 1159, 700]
2021-06-13 21:00:31,468 440 0 0.981888473033905 [13, 0, 1180, 704]
2021-06-13 21:00:31,468 441 0 0.9818030595779419 [12, 0, 1175, 703]
2021-06-13 21:00:31,469 442 0 0.9862149357795715 [4, 0, 1169, 707]
2021-06-13 21:00:31,469 443 0 0.9868090152740479 [0, 0, 1190, 706]
2021-06-13 21:00:31,469 444 0 0.9894353747367859 [0, 0, 1185, 707]
2021-06-13 21:00:31,469 445 0 0.992577850818634 [0, 0, 1168, 703]
2021-06-13 21:00:31,469 446 0 0.9931164979934692 [0, 0, 1167, 703]
2021-06-13 21:00:31,469 447 0 0.9944877028465271 [0, 0, 1198, 706]
2021-06-13 21:00:31,470 448 0 0.9900525212287903 [3, 0, 1208, 699]
2021-06-13 21:00:31,470 449 0 0.9928695559501648 [0, 0, 1211, 698]
2021-06-13 21:03:04,901 0 -991 -991 ['-991', '-991', '-991', '-991']
2021-06-13 21:03:04,902 1 -991 -991 ['-991', '-991', '-991', '-991']
2021-06-13 21:03:04,902 2 0 0.8992411494255066 [139, 3, 756, 615]
2021-06-13 21:03:04,903 3 0 0.9469794034957886 [116, 5, 729, 630]
2021-06-13 21:03:04,904 4 0 0.9517788887023926 [113, 2, 725, 650]
2021-06-13 21:03:04,904 5 0 0.9283013343811035 [118, 8, 734, 630]
2021-06-13 21:03:04,904 6 0 0.9196666479110718 [114, 8, 721, 631]
2021-06-13 21:03:04,904 7 0 0.9739820957183838 [102, 11, 717, 634]
2021-06-13 21:03:04,905 8 -991 -991 ['-991', '-991', '-991', '-991']
2021-06-13 21:03:04,905 9 0 0.92267906665802 [136, 6, 645, 597]
2021-06-13 21:03:04,905 10 0 0.9103663563728333 [115, 12, 629, 536]
2021-06-13 21:03:04,906 11 0 0.9040646553039551 [118, 12, 629, 536]
2021-06-13 21:03:04,906 12 -991 -991 ['-991', '-991', '-991', '-991']
2021-06-13 21:03:04,906 13 -991 -991 ['-991', '-991', '-991', '-991']
2021-06-13 21:03:04,907 14 -991 -991 ['-991', '-991', '-991', '-991']
2021-06-13 21:03:04,907 15 -991 -991 ['-991', '-991', '-991', '-991']
2021-06-13 21:03:04,910 16 -991 -991 ['-991', '-991', '-991', '-991']
2021-06-13 21:03:04,910 17 -991 -991 ['-991', '-991', '-991', '-991']
2021-06-13 21:03:04,910 18 -991 -991 ['-991', '-991', '-991', '-991']
2021-06-13 21:03:04,910 19 -991 -991 ['-991', '-991', '-991', '-991']
2021-06-13 21:03:04,911 20 -991 -991 ['-991', '-991', '-991', '-991']
2021-06-13 21:03:04,911 21 -991 -991 ['-991', '-991', '-991', '-991']
2021-06-13 21:03:04,911 22 -991 -991 ['-991', '-991', '-991', '-991']
2021-06-13 21:03:04,912 23 -991 -991 ['-991', '-991', '-991', '-991']
2021-06-13 21:03:04,912 24 -991 -991 ['-991', '-991', '-991', '-991']
2021-06-13 21:03:04,912 25 -991 -991 ['-991', '-991', '-991', '-991']
2021-06-13 21:03:04,912 26 -991 -991 ['-991', '-991', '-991', '-991']
2021-06-13 21:03:04,913 27 -991 -991 ['-991', '-991', '-991', '-991']
2021-06-13 21:03:04,913 28 -991 -991 ['-991', '-991', '-991', '-991']
2021-06-13 21:03:04,913 29 -991 -991 ['-991', '-991', '-991', '-991']
2021-06-13 21:03:04,914 30 -991 -991 ['-991', '-991', '-991', '-991']
2021-06-13 21:03:04,914 31 -991 -991 ['-991', '-991', '-991', '-991']
2021-06-13 21:03:04,914 32 -991 -991 ['-991', '-991', '-991', '-991']
2021-06-13 21:03:04,915 33 -991 -991 ['-991', '-991', '-991', '-991']
2021-06-13 21:03:04,915 34 -991 -991 ['-991', '-991', '-991', '-991']
2021-06-13 21:03:04,915 35 -991 -991 ['-991', '-991', '-991', '-991']
2021-06-13 21:03:04,915 36 -991 -991 ['-991', '-991', '-991', '-991']
2021-06-13 21:03:04,916 37 -991 -991 ['-991', '-991', '-991', '-991']
2021-06-13 21:03:04,916 38 -991 -991 ['-991', '-991', '-991', '-991']
2021-06-13 21:03:04,916 39 -991 -991 ['-991', '-991', '-991', '-991']
2021-06-13 21:03:04,917 40 -991 -991 ['-991', '-991', '-991', '-991']
2021-06-13 21:03:04,917 41 -991 -991 ['-991', '-991', '-991', '-991']
2021-06-13 21:03:04,917 42 0 0.907210111618042 [215, 0, 880, 661]
2021-06-13 21:03:04,917 43 0 0.9882062077522278 [197, 0, 883, 665]
2021-06-13 21:03:04,918 44 0 0.9938608407974243 [182, 0, 908, 684]
2021-06-13 21:03:04,918 45 0 0.9934870004653931 [175, 0, 911, 711]
2021-06-13 21:03:04,919 46 0 0.9922531247138977 [174, 0, 907, 710]
2021-06-13 21:03:04,920 47 0 0.996538519859314 [178, 0, 980, 719]
2021-06-13 21:03:04,920 48 0 0.9990699887275696 [190, 0, 995, 720]
2021-06-13 21:03:04,920 49 0 0.9986760020256042 [177, 0, 998, 720]
2021-06-13 21:03:04,921 50 0 0.9980599284172058 [189, 0, 1059, 717]
2021-06-13 21:03:04,921 51 0 0.998046875 [189, 0, 1062, 717]
2021-06-13 21:03:04,921 52 0 0.9987800717353821 [178, 0, 1084, 720]
2021-06-13 21:03:04,921 53 0 0.9988332390785217 [214, 0, 1080, 710]
2021-06-13 21:03:04,922 54 0 0.998051643371582 [207, 0, 1114, 710]
2021-06-13 21:03:04,922 55 0 0.9978654980659485 [206, 5, 1085, 719]
2021-06-13 21:03:04,922 56 0 0.9978635907173157 [207, 4, 1086, 718]
2021-06-13 21:03:04,923 57 0 0.9978799819946289 [244, 7, 1109, 720]
2021-06-13 21:03:04,924 58 0 0.9982162117958069 [214, 18, 1134, 718]
2021-06-13 21:03:04,924 59 0 0.9960318207740784 [250, 19, 1114, 719]
2021-06-13 21:03:04,924 60 0 0.9926806092262268 [267, 23, 1099, 718]
2021-06-13 21:03:04,924 61 0 0.9931753277778625 [265, 24, 1100, 718]
2021-06-13 21:03:04,924 62 0 0.9915351867675781 [259, 33, 1107, 720]
2021-06-13 21:03:04,925 63 0 0.9954634308815002 [230, 51, 1145, 720]
2021-06-13 21:03:04,925 64 0 0.990934431552887 [232, 50, 1109, 708]
2021-06-13 21:03:04,925 65 0 0.9952680468559265 [237, 65, 1038, 711]
2021-06-13 21:03:04,925 66 0 0.9954439401626587 [237, 64, 1038, 711]
2021-06-13 21:03:04,925 67 0 0.9951061010360718 [238, 59, 1042, 713]
2021-06-13 21:03:04,926 68 0 0.9962904453277588 [238, 66, 1040, 711]
2021-06-13 21:03:04,926 69 0 0.9937652349472046 [243, 69, 1010, 709]
2021-06-13 21:03:04,926 70 0 0.9959555864334106 [234, 73, 1029, 709]
2021-06-13 21:03:04,926 71 0 0.9964714050292969 [233, 73, 1023, 709]
2021-06-13 21:03:04,926 72 0 0.9960386753082275 [224, 75, 1042, 704]
2021-06-13 21:03:04,927 73 0 0.9959640502929688 [224, 75, 1041, 706]
2021-06-13 21:03:04,927 74 0 0.9942951798439026 [232, 76, 1058, 705]
2021-06-13 21:03:04,927 75 0 0.9937044978141785 [230, 75, 1079, 710]
2021-06-13 21:03:04,927 76 0 0.9941045641899109 [231, 75, 1081, 711]
2021-06-13 21:03:04,927 77 0 0.9935344457626343 [234, 73, 1069, 708]
2021-06-13 21:03:04,928 78 0 0.9960887432098389 [232, 74, 1088, 708]
2021-06-13 21:03:04,928 79 0 0.994256317615509 [229, 76, 1065, 717]
2021-06-13 21:03:04,928 80 0 0.9933316111564636 [230, 86, 1074, 716]
2021-06-13 21:03:04,928 81 0 0.9928295016288757 [225, 85, 1072, 715]
2021-06-13 21:03:04,928 82 0 0.9818597435951233 [231, 86, 1046, 717]
2021-06-13 21:03:04,928 83 0 0.9906662106513977 [236, 80, 1045, 714]
2021-06-13 21:03:04,929 84 0 0.9920554757118225 [250, 65, 1067, 709]
2021-06-13 21:03:04,929 85 0 0.9946380257606506 [246, 62, 1060, 710]
2021-06-13 21:03:04,929 86 0 0.9932115077972412 [244, 60, 1066, 709]
2021-06-13 21:03:04,929 87 0 0.9889485836029053 [232, 54, 1052, 715]
2021-06-13 21:03:04,929 88 0 0.9838449954986572 [221, 44, 1062, 710]
2021-06-13 21:03:04,929 89 0 0.9887803792953491 [201, 34, 1033, 713]
2021-06-13 21:03:04,930 90 0 0.989723801612854 [200, 30, 1048, 715]
2021-06-13 21:03:04,930 91 0 0.9886721968650818 [201, 27, 1048, 716]
2021-06-13 21:03:04,930 92 0 0.9894160628318787 [193, 20, 1034, 717]
2021-06-13 21:03:04,930 93 0 0.992000937461853 [197, 21, 1040, 717]
2021-06-13 21:03:04,930 94 0 0.9914785027503967 [198, 26, 1018, 716]
2021-06-13 21:03:04,930 95 0 0.9902614951133728 [207, 38, 1045, 718]
2021-06-13 21:03:04,931 96 0 0.9908798933029175 [206, 38, 1047, 717]
2021-06-13 21:03:04,931 97 0 0.9846887588500977 [214, 50, 1028, 717]
2021-06-13 21:03:04,931 98 0 0.9814513325691223 [205, 51, 1009, 717]
2021-06-13 21:03:04,931 99 0 0.9873082041740417 [209, 49, 1008, 719]
2021-06-13 21:03:04,931 100 0 0.988440990447998 [196, 47, 1005, 717]
2021-06-13 21:03:04,932 101 0 0.9885581731796265 [199, 47, 1000, 716]
2021-06-13 21:03:04,932 102 0 0.9869213104248047 [207, 47, 1002, 715]
2021-06-13 21:03:04,932 103 0 0.9868658185005188 [204, 50, 1003, 716]
2021-06-13 21:03:04,932 104 0 0.9782548546791077 [204, 60, 972, 715]
2021-06-13 21:03:04,932 105 0 0.984821617603302 [208, 65, 982, 716]
2021-06-13 21:03:04,932 106 0 0.9852258563041687 [203, 65, 985, 716]
2021-06-13 21:03:04,933 107 0 0.9802547097206116 [196, 67, 957, 716]
2021-06-13 21:03:04,933 108 0 0.9959793090820312 [320, 246, 851, 720]
2021-06-13 21:03:04,933 109 0 0.9895114302635193 [317, 246, 842, 720]
2021-06-13 21:03:04,933 110 0 0.988753080368042 [318, 244, 833, 720]
2021-06-13 21:03:04,933 111 0 0.9895474910736084 [319, 244, 836, 720]
2021-06-13 21:03:04,933 112 0 0.9816529154777527 [320, 246, 835, 720]
2021-06-13 21:03:04,934 113 0 0.9852514266967773 [325, 247, 817, 720]
2021-06-13 21:03:04,934 114 0 0.9799185991287231 [330, 250, 816, 720]
2021-06-13 21:03:04,934 115 0 0.9844332933425903 [340, 237, 825, 716]
2021-06-13 21:03:04,934 116 0 0.9832647442817688 [340, 238, 826, 716]
2021-06-13 21:03:04,934 117 0 0.9714971780776978 [336, 250, 820, 720]
2021-06-13 21:03:04,935 118 0 0.9811045527458191 [325, 243, 830, 720]
2021-06-13 21:03:04,935 119 0 0.9809085130691528 [333, 248, 821, 720]
2021-06-13 21:03:04,935 120 0 0.9843048453330994 [330, 243, 826, 720]
2021-06-13 21:03:04,935 121 0 0.9848201274871826 [336, 246, 820, 720]
2021-06-13 21:03:04,936 122 0 0.9850243330001831 [352, 252, 815, 720]
2021-06-13 21:03:04,936 123 0 0.9843233227729797 [344, 250, 820, 720]
2021-06-13 21:03:04,936 124 0 0.9874293208122253 [338, 245, 823, 720]
2021-06-13 21:03:04,936 125 0 0.9892475008964539 [350, 252, 818, 720]
2021-06-13 21:03:04,937 126 0 0.990755021572113 [350, 252, 817, 720]
2021-06-13 21:03:04,937 127 0 0.9909699559211731 [354, 252, 818, 720]
2021-06-13 21:03:04,937 128 0 0.9928981065750122 [356, 253, 819, 720]
2021-06-13 21:03:04,937 129 0 0.9923242330551147 [357, 254, 821, 720]
2021-06-13 21:03:04,937 130 0 0.9918516278266907 [348, 249, 822, 720]
2021-06-13 21:03:04,937 131 0 0.9921407103538513 [361, 254, 821, 720]
2021-06-13 21:03:04,938 132 0 0.987910270690918 [345, 249, 823, 720]
2021-06-13 21:03:04,938 133 0 0.98819899559021 [348, 249, 823, 720]
2021-06-13 21:03:04,939 134 0 0.9896420836448669 [365, 255, 823, 720]
2021-06-13 21:03:04,940 135 0 0.9904085397720337 [368, 254, 824, 720]
2021-06-13 21:03:04,941 136 0 0.9898333549499512 [369, 254, 824, 720]
2021-06-13 21:03:04,943 137 0 0.9875134825706482 [369, 254, 825, 720]
2021-06-13 21:03:04,943 138 0 0.9887793064117432 [370, 253, 824, 720]
2021-06-13 21:03:04,944 139 -991 -991 ['-991', '-991', '-991', '-991']
2021-06-13 21:03:04,944 140 -991 -991 ['-991', '-991', '-991', '-991']
2021-06-13 21:03:04,944 141 -991 -991 ['-991', '-991', '-991', '-991']
2021-06-13 21:03:04,944 142 -991 -991 ['-991', '-991', '-991', '-991']
2021-06-13 21:03:04,945 143 0 0.9740429520606995 [182, 147, 347, 335]
2021-06-13 21:03:04,945 144 0 0.962867021560669 [166, 141, 354, 342]
2021-06-13 21:03:04,945 145 0 0.9647770524024963 [160, 137, 355, 345]
2021-06-13 21:03:04,945 146 0 0.9636287689208984 [160, 137, 356, 345]
2021-06-13 21:03:04,945 147 0 0.9603084325790405 [160, 138, 356, 348]
2021-06-13 21:03:04,946 148 0 0.9661390781402588 [161, 138, 355, 348]
2021-06-13 21:03:04,946 149 0 0.9609625339508057 [161, 138, 355, 348]
2021-06-13 21:03:04,946 150 0 0.9627151489257812 [161, 138, 355, 348]
2021-06-13 21:03:04,946 151 0 0.960766613483429 [161, 138, 355, 348]
2021-06-13 21:03:04,946 152 0 0.9611365795135498 [161, 137, 355, 348]
2021-06-13 21:03:04,946 153 0 0.960574209690094 [161, 137, 355, 348]
2021-06-13 21:03:04,947 154 0 0.9603073000907898 [161, 137, 355, 348]
2021-06-13 21:03:04,947 155 0 0.9607447385787964 [159, 142, 360, 353]
2021-06-13 21:03:04,947 156 0 0.9625452756881714 [159, 142, 360, 352]
2021-06-13 21:03:04,947 157 0 0.9639895558357239 [159, 142, 360, 353]
2021-06-13 21:03:04,947 158 0 0.9711256623268127 [160, 142, 359, 352]
2021-06-13 21:03:04,948 159 0 0.9587522149085999 [165, 138, 370, 347]
2021-06-13 21:03:04,948 160 0 0.9641702175140381 [167, 137, 375, 351]
2021-06-13 21:03:04,948 161 0 0.9641615152359009 [167, 137, 374, 351]
2021-06-13 21:03:04,948 162 0 0.9624481797218323 [171, 137, 391, 354]
2021-06-13 21:03:04,948 163 0 0.9631928205490112 [343, 159, 550, 370]
2021-06-13 21:03:04,948 164 0 0.968720018863678 [341, 159, 551, 371]
2021-06-13 21:03:04,949 165 0 0.9704524874687195 [341, 159, 551, 372]
2021-06-13 21:03:04,949 166 0 0.9700844287872314 [342, 160, 552, 371]
2021-06-13 21:03:04,949 167 0 0.9697082042694092 [342, 159, 551, 371]
2021-06-13 21:03:04,949 168 0 0.9718530774116516 [340, 160, 551, 372]
2021-06-13 21:03:04,949 169 0 0.9738513827323914 [338, 160, 551, 372]
2021-06-13 21:03:04,949 170 0 0.9732315540313721 [338, 161, 548, 372]
2021-06-13 21:03:04,950 171 0 0.9723242521286011 [337, 162, 548, 372]
2021-06-13 21:03:04,950 172 0 0.9550912976264954 [341, 163, 545, 371]
2021-06-13 21:03:04,950 173 0 0.9465159177780151 [162, 137, 351, 351]
2021-06-13 21:03:04,950 174 0 0.9805456399917603 [532, 146, 733, 352]
2021-06-13 21:03:04,950 175 0 0.9823063015937805 [536, 140, 741, 355]
2021-06-13 21:03:04,950 176 0 0.9805594682693481 [536, 140, 740, 356]
2021-06-13 21:03:04,951 177 0 0.987043559551239 [537, 138, 741, 355]
2021-06-13 21:03:04,951 178 0 0.9868651032447815 [537, 138, 741, 355]
2021-06-13 21:03:04,951 179 0 0.9856169819831848 [538, 138, 741, 355]
2021-06-13 21:03:04,951 180 0 0.9856780171394348 [538, 137, 741, 355]
2021-06-13 21:03:04,951 181 0 0.986339807510376 [538, 138, 741, 355]
2021-06-13 21:03:04,952 182 0 0.9868319034576416 [537, 138, 742, 355]
2021-06-13 21:03:04,952 183 0 0.9862958788871765 [539, 138, 742, 355]
2021-06-13 21:03:04,952 184 0 0.9865656495094299 [539, 138, 743, 355]
2021-06-13 21:03:04,952 185 0 0.9856036901473999 [540, 138, 743, 355]
2021-06-13 21:03:04,953 186 0 0.9861831665039062 [539, 138, 743, 355]
2021-06-13 21:03:04,954 187 0 0.9856738448143005 [539, 138, 743, 355]
2021-06-13 21:03:04,954 188 0 0.9865113496780396 [540, 138, 743, 354]
2021-06-13 21:03:04,954 189 0 0.985662043094635 [540, 138, 744, 354]
2021-06-13 21:03:04,954 190 0 0.9864603281021118 [540, 138, 744, 354]
2021-06-13 21:03:04,954 191 0 0.9869486093521118 [540, 138, 743, 354]
2021-06-13 21:03:04,955 192 0 0.9865025281906128 [540, 137, 743, 355]
2021-06-13 21:03:04,955 193 0 0.9860107898712158 [539, 137, 743, 355]
2021-06-13 21:03:04,955 194 0 0.9862881898880005 [540, 138, 743, 355]
2021-06-13 21:03:04,955 195 0 0.9862548112869263 [541, 137, 742, 356]
2021-06-13 21:03:04,955 196 0 0.9865096211433411 [541, 137, 742, 356]
2021-06-13 21:03:04,955 197 0 0.9783355593681335 [541, 136, 746, 355]
2021-06-13 21:03:04,956 198 0 0.9654409289360046 [338, 165, 539, 380]
2021-06-13 21:03:04,956 199 0 0.972234308719635 [540, 138, 742, 356]
2021-06-13 21:03:04,956 200 0 0.9715023636817932 [539, 139, 742, 356]
2021-06-13 21:03:04,956 201 0 0.9706031084060669 [539, 139, 741, 356]
2021-06-13 21:03:04,956 202 0 0.9692592024803162 [540, 138, 741, 356]
2021-06-13 21:03:04,957 203 0 0.9671911001205444 [538, 138, 739, 356]
2021-06-13 21:03:04,957 204 0 0.9709149599075317 [931, 152, 1096, 344]
2021-06-13 21:03:04,957 205 0 0.9786936044692993 [934, 149, 1097, 351]
2021-06-13 21:03:04,957 206 0 0.9781226515769958 [935, 149, 1098, 351]
2021-06-13 21:03:04,957 207 0 0.9774256348609924 [934, 146, 1096, 353]
2021-06-13 21:03:04,957 208 0 0.9738432765007019 [933, 146, 1096, 353]
2021-06-13 21:03:04,958 209 0 0.9734840989112854 [933, 145, 1096, 352]
2021-06-13 21:03:04,958 210 0 0.9712644219398499 [934, 144, 1096, 353]
2021-06-13 21:03:04,958 211 0 0.9716999530792236 [933, 144, 1096, 353]
2021-06-13 21:03:04,958 212 0 0.9727801084518433 [933, 144, 1096, 352]
2021-06-13 21:03:04,958 213 0 0.971601128578186 [933, 144, 1096, 353]
2021-06-13 21:03:04,958 214 0 0.9711170196533203 [933, 144, 1095, 353]
2021-06-13 21:03:04,959 215 0 0.9711627960205078 [933, 144, 1095, 352]
2021-06-13 21:03:04,959 216 0 0.9718515872955322 [933, 144, 1095, 352]
2021-06-13 21:03:04,959 217 0 0.9727062582969666 [933, 145, 1094, 352]
2021-06-13 21:03:04,959 218 0 0.9725364446640015 [933, 145, 1094, 352]
2021-06-13 21:03:04,959 219 0 0.9710888266563416 [933, 145, 1094, 352]
2021-06-13 21:03:04,959 220 0 0.9705135822296143 [933, 144, 1094, 352]
2021-06-13 21:03:04,960 221 0 0.9706882238388062 [934, 144, 1095, 352]
2021-06-13 21:03:04,960 222 0 0.9706398248672485 [934, 145, 1094, 352]
2021-06-13 21:03:04,960 223 0 0.9708986282348633 [934, 144, 1094, 352]
2021-06-13 21:03:04,960 224 0 0.9710138440132141 [933, 144, 1094, 352]
2021-06-13 21:03:04,960 225 0 0.9701551795005798 [933, 145, 1094, 352]
2021-06-13 21:03:04,961 226 0 0.970901370048523 [933, 145, 1094, 352]
2021-06-13 21:03:04,961 227 0 0.9431058764457703 [642, 616, 710, 678]
2021-06-13 21:03:04,961 228 0 0.9448682069778442 [642, 617, 710, 678]
2021-06-13 21:03:04,961 229 0 0.9509127736091614 [641, 616, 711, 678]
2021-06-13 21:03:04,961 230 0 0.9525437355041504 [641, 616, 711, 678]
2021-06-13 21:03:04,961 231 0 0.9610776901245117 [641, 616, 711, 678]
2021-06-13 21:03:04,962 232 0 0.9591561555862427 [640, 616, 712, 678]
2021-06-13 21:03:04,962 233 0 0.9482014179229736 [640, 615, 711, 678]
2021-06-13 21:03:04,962 234 0 0.9320303797721863 [640, 615, 713, 678]
2021-06-13 21:03:04,962 235 0 0.9299346804618835 [640, 616, 715, 678]
2021-06-13 21:03:04,962 236 0 0.93144690990448 [640, 615, 715, 678]
2021-06-13 21:03:04,962 237 0 0.9246451258659363 [641, 615, 715, 678]
2021-06-13 21:03:04,963 238 0 0.9279364943504333 [640, 615, 715, 678]
2021-06-13 21:03:04,963 239 0 0.9271872639656067 [640, 615, 715, 678]
2021-06-13 21:03:04,963 240 0 0.9330804944038391 [639, 615, 715, 678]
2021-06-13 21:03:04,963 241 0 0.9393750429153442 [640, 615, 716, 678]
2021-06-13 21:03:04,963 242 0 0.9315230250358582 [640, 615, 716, 678]
2021-06-13 21:03:04,963 243 0 0.9128113985061646 [640, 615, 715, 678]
2021-06-13 21:03:04,964 244 0 0.9087895154953003 [445, 170, 816, 516]
2021-06-13 21:03:04,964 245 0 0.8947458267211914 [447, 168, 817, 517]
2021-06-13 21:03:04,964 246 0 0.9018238186836243 [448, 168, 818, 517]
2021-06-13 21:03:04,964 247 0 0.8670968413352966 [639, 616, 709, 679]
2021-06-13 21:03:04,964 248 0 0.8872339725494385 [450, 170, 816, 516]
2021-06-13 21:03:04,964 249 0 0.9146946668624878 [447, 170, 815, 516]
2021-06-13 21:03:04,965 250 0 0.9048138856887817 [451, 173, 814, 515]
2021-06-13 21:03:04,965 251 0 0.9018616080284119 [451, 172, 814, 515]
2021-06-13 21:03:04,965 252 -991 -991 ['-991', '-991', '-991', '-991']
2021-06-13 21:03:04,965 253 -991 -991 ['-991', '-991', '-991', '-991']
2021-06-13 21:03:04,965 254 -991 -991 ['-991', '-991', '-991', '-991']
2021-06-13 21:03:04,965 255 -991 -991 ['-991', '-991', '-991', '-991']
2021-06-13 21:03:04,966 256 -991 -991 ['-991', '-991', '-991', '-991']
2021-06-13 21:03:04,966 257 -991 -991 ['-991', '-991', '-991', '-991']
2021-06-13 21:03:04,966 258 0 0.9390195608139038 [463, 325, 827, 620]
2021-06-13 21:03:04,966 259 0 0.9940409064292908 [455, 297, 826, 609]
2021-06-13 21:03:04,966 260 0 0.994563639163971 [444, 260, 828, 577]
2021-06-13 21:03:04,966 261 0 0.994454562664032 [444, 260, 828, 577]
2021-06-13 21:03:04,967 262 0 0.9864907264709473 [452, 247, 827, 549]
2021-06-13 21:03:04,967 263 0 0.989487886428833 [451, 222, 835, 548]
2021-06-13 21:03:04,967 264 0 0.9923215508460999 [449, 210, 834, 530]
2021-06-13 21:03:04,967 265 0 0.9943008422851562 [450, 200, 832, 522]
2021-06-13 21:03:04,967 266 0 0.9943773150444031 [451, 200, 832, 522]
2021-06-13 21:03:04,967 267 0 0.9947814345359802 [449, 196, 829, 519]
2021-06-13 21:03:04,968 268 0 0.9957190155982971 [449, 193, 827, 512]
2021-06-13 21:03:04,968 269 0 0.9927571415901184 [452, 189, 825, 508]
2021-06-13 21:03:04,968 270 0 0.995108425617218 [451, 191, 826, 507]
2021-06-13 21:03:04,969 271 0 0.9951313734054565 [451, 190, 827, 507]
2021-06-13 21:03:04,970 272 0 0.9950447082519531 [449, 191, 825, 508]
2021-06-13 21:03:04,970 273 0 0.9951032400131226 [448, 189, 826, 508]
2021-06-13 21:03:04,974 274 0 0.9957500696182251 [447, 189, 826, 509]
2021-06-13 21:03:04,974 275 0 0.995124876499176 [447, 189, 825, 508]
2021-06-13 21:03:04,974 276 0 0.9954362511634827 [446, 190, 826, 508]
2021-06-13 21:03:04,974 277 0 0.9960694313049316 [447, 190, 825, 508]
2021-06-13 21:03:04,975 278 0 0.9956079125404358 [447, 190, 826, 509]
2021-06-13 21:03:04,975 279 0 0.9956092238426208 [445, 190, 826, 508]
2021-06-13 21:03:04,975 280 0 0.995157778263092 [447, 190, 826, 507]
2021-06-13 21:03:04,975 281 0 0.9950292706489563 [448, 190, 826, 507]
2021-06-13 21:03:04,976 282 0 0.9945952296257019 [449, 190, 827, 508]
2021-06-13 21:03:04,976 283 0 0.9949997663497925 [449, 190, 828, 508]
2021-06-13 21:03:04,976 284 0 0.9941697120666504 [451, 190, 827, 506]
2021-06-13 21:03:04,976 285 0 0.9931337833404541 [449, 190, 826, 505]
2021-06-13 21:03:04,976 286 0 0.992966890335083 [449, 190, 826, 505]
2021-06-13 21:03:04,976 287 0 0.9940529465675354 [450, 190, 826, 507]
2021-06-13 21:03:04,977 288 0 0.9942677021026611 [449, 190, 826, 507]
2021-06-13 21:03:04,977 289 0 0.9948524832725525 [450, 191, 827, 507]
2021-06-13 21:03:04,977 290 -991 -991 ['-991', '-991', '-991', '-991']
2021-06-13 21:03:04,977 291 -991 -991 ['-991', '-991', '-991', '-991']
2021-06-13 21:03:04,977 292 -991 -991 ['-991', '-991', '-991', '-991']
2021-06-13 21:03:04,977 293 -991 -991 ['-991', '-991', '-991', '-991']
2021-06-13 21:03:04,978 294 -991 -991 ['-991', '-991', '-991', '-991']
2021-06-13 21:03:04,978 295 -991 -991 ['-991', '-991', '-991', '-991']
2021-06-13 21:03:04,978 296 -991 -991 ['-991', '-991', '-991', '-991']
2021-06-13 21:03:04,978 297 -991 -991 ['-991', '-991', '-991', '-991']
2021-06-13 21:03:04,978 298 -991 -991 ['-991', '-991', '-991', '-991']
2021-06-13 21:03:04,978 299 -991 -991 ['-991', '-991', '-991', '-991']
2021-06-13 21:03:04,979 300 -991 -991 ['-991', '-991', '-991', '-991']
2021-06-13 21:03:04,979 301 -991 -991 ['-991', '-991', '-991', '-991']
2021-06-13 21:03:04,979 302 -991 -991 ['-991', '-991', '-991', '-991']
2021-06-13 21:03:04,979 303 -991 -991 ['-991', '-991', '-991', '-991']
2021-06-13 21:03:04,979 304 -991 -991 ['-991', '-991', '-991', '-991']
2021-06-13 21:03:04,979 305 -991 -991 ['-991', '-991', '-991', '-991']
2021-06-13 21:03:04,980 306 -991 -991 ['-991', '-991', '-991', '-991']
2021-06-13 21:03:04,980 307 -991 -991 ['-991', '-991', '-991', '-991']
2021-06-13 21:03:04,980 308 -991 -991 ['-991', '-991', '-991', '-991']
2021-06-13 21:03:04,980 309 -991 -991 ['-991', '-991', '-991', '-991']
2021-06-13 21:03:04,980 310 -991 -991 ['-991', '-991', '-991', '-991']
2021-06-13 21:03:04,980 311 -991 -991 ['-991', '-991', '-991', '-991']
2021-06-13 21:03:04,981 312 -991 -991 ['-991', '-991', '-991', '-991']
2021-06-13 21:03:04,981 313 -991 -991 ['-991', '-991', '-991', '-991']
2021-06-13 21:03:04,981 314 -991 -991 ['-991', '-991', '-991', '-991']
2021-06-13 21:03:04,981 315 -991 -991 ['-991', '-991', '-991', '-991']
2021-06-13 21:03:04,981 316 -991 -991 ['-991', '-991', '-991', '-991']
2021-06-13 21:03:04,981 317 -991 -991 ['-991', '-991', '-991', '-991']
2021-06-13 21:03:04,982 318 -991 -991 ['-991', '-991', '-991', '-991']
2021-06-13 21:03:04,982 319 -991 -991 ['-991', '-991', '-991', '-991']
2021-06-13 21:03:04,982 320 -991 -991 ['-991', '-991', '-991', '-991']
2021-06-13 21:03:04,982 321 -991 -991 ['-991', '-991', '-991', '-991']
2021-06-13 21:03:04,982 322 -991 -991 ['-991', '-991', '-991', '-991']
2021-06-13 21:03:04,982 323 -991 -991 ['-991', '-991', '-991', '-991']
2021-06-13 21:03:04,983 324 -991 -991 ['-991', '-991', '-991', '-991']
2021-06-13 21:03:04,983 325 -991 -991 ['-991', '-991', '-991', '-991']
2021-06-13 21:03:04,983 326 -991 -991 ['-991', '-991', '-991', '-991']
2021-06-13 21:03:04,983 327 -991 -991 ['-991', '-991', '-991', '-991']
2021-06-13 21:03:04,983 328 -991 -991 ['-991', '-991', '-991', '-991']
2021-06-13 21:03:04,983 329 -991 -991 ['-991', '-991', '-991', '-991']
2021-06-13 21:03:04,984 330 -991 -991 ['-991', '-991', '-991', '-991']
2021-06-13 21:03:04,984 331 -991 -991 ['-991', '-991', '-991', '-991']
2021-06-13 21:03:04,984 332 -991 -991 ['-991', '-991', '-991', '-991']
2021-06-13 21:03:04,984 333 -991 -991 ['-991', '-991', '-991', '-991']
2021-06-13 21:03:04,984 334 -991 -991 ['-991', '-991', '-991', '-991']
2021-06-13 21:03:04,984 335 -991 -991 ['-991', '-991', '-991', '-991']
2021-06-13 21:03:04,986 336 -991 -991 ['-991', '-991', '-991', '-991']
2021-06-13 21:03:04,986 337 -991 -991 ['-991', '-991', '-991', '-991']
2021-06-13 21:03:04,987 338 -991 -991 ['-991', '-991', '-991', '-991']
2021-06-13 21:03:04,987 339 -991 -991 ['-991', '-991', '-991', '-991']
2021-06-13 21:03:04,987 340 -991 -991 ['-991', '-991', '-991', '-991']
2021-06-13 21:03:04,987 341 -991 -991 ['-991', '-991', '-991', '-991']
2021-06-13 21:03:04,987 342 -991 -991 ['-991', '-991', '-991', '-991']
2021-06-13 21:03:04,988 343 -991 -991 ['-991', '-991', '-991', '-991']
2021-06-13 21:03:04,988 344 -991 -991 ['-991', '-991', '-991', '-991']
2021-06-13 21:03:04,988 345 -991 -991 ['-991', '-991', '-991', '-991']
2021-06-13 21:03:04,988 346 -991 -991 ['-991', '-991', '-991', '-991']
2021-06-13 21:03:04,988 347 -991 -991 ['-991', '-991', '-991', '-991']
2021-06-13 21:03:04,988 348 -991 -991 ['-991', '-991', '-991', '-991']
2021-06-13 21:03:04,989 349 -991 -991 ['-991', '-991', '-991', '-991']
2021-06-13 21:03:04,989 350 -991 -991 ['-991', '-991', '-991', '-991']
2021-06-13 21:03:04,989 351 -991 -991 ['-991', '-991', '-991', '-991']
2021-06-13 21:03:04,989 352 -991 -991 ['-991', '-991', '-991', '-991']
2021-06-13 21:03:04,989 353 -991 -991 ['-991', '-991', '-991', '-991']
2021-06-13 21:03:04,989 354 -991 -991 ['-991', '-991', '-991', '-991']
2021-06-13 21:03:04,990 355 -991 -991 ['-991', '-991', '-991', '-991']
2021-06-13 21:03:04,990 356 -991 -991 ['-991', '-991', '-991', '-991']
2021-06-13 21:03:04,990 357 -991 -991 ['-991', '-991', '-991', '-991']
2021-06-13 21:03:04,990 358 -991 -991 ['-991', '-991', '-991', '-991']
2021-06-13 21:03:04,991 359 -991 -991 ['-991', '-991', '-991', '-991']
2021-06-13 21:03:04,991 360 -991 -991 ['-991', '-991', '-991', '-991']
2021-06-13 21:03:04,991 361 -991 -991 ['-991', '-991', '-991', '-991']
2021-06-13 21:03:04,991 362 -991 -991 ['-991', '-991', '-991', '-991']
2021-06-13 21:03:04,991 363 -991 -991 ['-991', '-991', '-991', '-991']
2021-06-13 21:03:04,992 364 -991 -991 ['-991', '-991', '-991', '-991']
2021-06-13 21:03:04,992 365 -991 -991 ['-991', '-991', '-991', '-991']
2021-06-13 21:03:04,992 366 -991 -991 ['-991', '-991', '-991', '-991']
2021-06-13 21:03:04,992 367 -991 -991 ['-991', '-991', '-991', '-991']
2021-06-13 21:03:04,992 368 0 0.9654651284217834 [18, 9, 1135, 661]
2021-06-13 21:03:04,993 369 0 0.9609573483467102 [32, 6, 1149, 656]
2021-06-13 21:03:04,993 370 0 0.9595206379890442 [19, 0, 1158, 686]
2021-06-13 21:03:04,993 371 0 0.9486032128334045 [16, 0, 1180, 686]
2021-06-13 21:03:04,993 372 0 0.9656962156295776 [8, 1, 1132, 655]
2021-06-13 21:03:04,993 373 0 0.9719574451446533 [6, 0, 1138, 692]
2021-06-13 21:03:04,994 374 0 0.982006847858429 [12, 0, 1111, 685]
2021-06-13 21:03:04,994 375 0 0.9735629558563232 [18, 0, 1166, 693]
2021-06-13 21:03:04,994 376 0 0.9737996459007263 [16, 0, 1169, 692]
2021-06-13 21:03:04,994 377 0 0.9846314787864685 [0, 0, 1110, 699]
2021-06-13 21:03:04,994 378 0 0.9691271781921387 [0, 0, 1155, 701]
2021-06-13 21:03:04,994 379 0 0.9782103896141052 [0, 0, 1085, 703]
2021-06-13 21:03:04,995 380 0 0.9657058715820312 [0, 0, 1099, 702]
2021-06-13 21:03:04,995 381 0 0.9674633741378784 [0, 0, 1100, 702]
2021-06-13 21:03:04,995 382 0 0.966198205947876 [0, 0, 1100, 703]
2021-06-13 21:03:04,995 383 0 0.9858632683753967 [0, 0, 1118, 707]
2021-06-13 21:03:04,995 384 0 0.9870277643203735 [0, 0, 1196, 708]
2021-06-13 21:03:04,996 385 0 0.9848029613494873 [4, 0, 1194, 710]
2021-06-13 21:03:04,996 386 0 0.9861984252929688 [9, 0, 1181, 709]
2021-06-13 21:03:04,996 387 0 0.9955011010169983 [5, 0, 1152, 707]
2021-06-13 21:03:04,996 388 0 0.9903422594070435 [14, 0, 1199, 704]
2021-06-13 21:03:04,996 389 0 0.9881305694580078 [16, 0, 1217, 699]
2021-06-13 21:03:04,997 390 0 0.9907383322715759 [23, 0, 1213, 698]
2021-06-13 21:03:04,997 391 0 0.9896746277809143 [21, 0, 1219, 698]
2021-06-13 21:03:04,997 392 0 0.9851979613304138 [21, 0, 1235, 701]
2021-06-13 21:03:04,997 393 0 0.9857941269874573 [19, 0, 1234, 705]
2021-06-13 21:03:04,997 394 0 0.9856005311012268 [20, 0, 1240, 704]
2021-06-13 21:03:04,998 395 0 0.9882144927978516 [20, 0, 1246, 705]
2021-06-13 21:03:04,998 396 0 0.9909997582435608 [26, 0, 1245, 704]
2021-06-13 21:03:04,998 397 0 0.9902883768081665 [22, 0, 1246, 706]
2021-06-13 21:03:04,998 398 0 0.9910051822662354 [13, 0, 1241, 704]
2021-06-13 21:03:04,998 399 0 0.9919853210449219 [20, 0, 1235, 697]
2021-06-13 21:03:04,999 400 0 0.993277370929718 [23, 0, 1233, 694]
2021-06-13 21:03:04,999 401 0 0.9932524561882019 [26, 0, 1231, 694]
2021-06-13 21:03:04,999 402 0 0.9927471280097961 [25, 0, 1227, 698]
2021-06-13 21:03:04,999 403 0 0.9891146421432495 [20, 0, 1218, 699]
2021-06-13 21:03:04,999 404 0 0.9946551322937012 [23, 0, 1223, 695]
2021-06-13 21:03:04,999 405 0 0.9932925701141357 [16, 0, 1181, 693]
2021-06-13 21:03:05,000 406 0 0.994022786617279 [15, 0, 1179, 692]
2021-06-13 21:03:05,001 407 0 0.9944071769714355 [2, 0, 1172, 695]
2021-06-13 21:03:05,003 408 0 0.9937400817871094 [8, 0, 1192, 698]
2021-06-13 21:03:05,003 409 0 0.9900825619697571 [5, 0, 1193, 699]
2021-06-13 21:03:05,006 410 0 0.9919512271881104 [0, 0, 1174, 698]
2021-06-13 21:03:05,007 411 0 0.9922418594360352 [0, 0, 1167, 699]
2021-06-13 21:03:05,007 412 0 0.9846394062042236 [0, 0, 1191, 693]
2021-06-13 21:03:05,007 413 0 0.9856945872306824 [0, 0, 1198, 697]
2021-06-13 21:03:05,007 414 0 0.9917363524436951 [1, 0, 1185, 701]
2021-06-13 21:03:05,008 415 0 0.9894550442695618 [6, 0, 1197, 698]
2021-06-13 21:03:05,008 416 0 0.9893267154693604 [5, 0, 1197, 699]
2021-06-13 21:03:05,008 417 0 0.9837350845336914 [5, 0, 1204, 698]
2021-06-13 21:03:05,008 418 0 0.9802302718162537 [7, 0, 1200, 698]
2021-06-13 21:03:05,009 419 0 0.98562091588974 [9, 0, 1182, 697]
2021-06-13 21:03:05,009 420 0 0.9849750399589539 [2, 0, 1202, 698]
2021-06-13 21:03:05,009 421 0 0.9852946996688843 [0, 0, 1205, 699]
2021-06-13 21:03:05,009 422 0 0.9868494272232056 [0, 0, 1188, 702]
2021-06-13 21:03:05,009 423 0 0.9891267418861389 [0, 0, 1196, 704]
2021-06-13 21:03:05,009 424 0 0.9885013103485107 [0, 0, 1168, 701]
2021-06-13 21:03:05,010 425 0 0.9889524579048157 [0, 0, 1167, 703]
2021-06-13 21:03:05,010 426 0 0.9875868558883667 [0, 0, 1171, 702]
2021-06-13 21:03:05,010 427 0 0.9884048700332642 [0, 0, 1149, 700]
2021-06-13 21:03:05,010 428 0 0.9898625612258911 [0, 0, 1138, 700]
2021-06-13 21:03:05,010 429 0 0.9838780164718628 [5, 0, 1174, 699]
2021-06-13 21:03:05,010 430 0 0.986940324306488 [7, 0, 1158, 697]
2021-06-13 21:03:05,010 431 0 0.98431396484375 [8, 0, 1150, 698]
2021-06-13 21:03:05,011 432 0 0.9852780699729919 [11, 0, 1160, 699]
2021-06-13 21:03:05,011 433 0 0.9839080572128296 [15, 0, 1162, 699]
2021-06-13 21:03:05,011 434 0 0.9815935492515564 [11, 0, 1154, 695]
2021-06-13 21:03:05,011 435 0 0.9754551649093628 [6, 0, 1165, 695]
2021-06-13 21:03:05,011 436 0 0.9783874750137329 [4, 0, 1159, 698]
2021-06-13 21:03:05,011 437 0 0.9779731631278992 [6, 0, 1181, 704]
2021-06-13 21:03:05,012 438 0 0.9738905429840088 [9, 0, 1158, 701]
2021-06-13 21:03:05,012 439 0 0.9777471423149109 [5, 0, 1159, 700]
2021-06-13 21:03:05,012 440 0 0.981888473033905 [13, 0, 1180, 704]
2021-06-13 21:03:05,012 441 0 0.9818030595779419 [12, 0, 1175, 703]
2021-06-13 21:03:05,012 442 0 0.9862149357795715 [4, 0, 1169, 707]
2021-06-13 21:03:05,013 443 0 0.9868090152740479 [0, 0, 1190, 706]
2021-06-13 21:03:05,013 444 0 0.9894353747367859 [0, 0, 1185, 707]
2021-06-13 21:03:05,013 445 0 0.992577850818634 [0, 0, 1168, 703]
2021-06-13 21:03:05,013 446 0 0.9931164979934692 [0, 0, 1167, 703]
2021-06-13 21:03:05,013 447 0 0.9944877028465271 [0, 0, 1198, 706]
2021-06-13 21:03:05,013 448 0 0.9900525212287903 [3, 0, 1208, 699]
2021-06-13 21:03:05,014 449 0 0.9928695559501648 [0, 0, 1211, 698]
